── R CMD INSTALL ────────────────────────────────────────
  ─  installing *source* package ‘thot’ ...
   ** using staged installation
     ** libs
     rm -Rf thot.so ./rust/target/release/libthot.a entrypoint.o
     gcc -I"/usr/share/R/include" -DNDEBUG      -fpic  -g -O2 -ffile-prefix-map=/build/r-base-LhKvHL/r-base-4.2.3=. -fstack-protector-strong -Wformat -Werror=format-security -Wdate-time -D_FORTIFY_SOURCE=2  -UNDEBUG -Wall -pedantic -g -O0 -c entrypoint.c -o entrypoint.o
     # In some environments, ~/.cargo/bin might not be included in PATH, so we need
     # to set it here to ensure cargo can be invoked. It is appended to PATH and
     # therefore is only used if cargo is absent from the user's PATH.
     if [ "true" != "true" ]; then \
   	export CARGO_HOME=/home/brian/Dropbox/Documents/www/thot/src/lang/r/src/.cargo; \
   fi && \
   	export PATH="/usr/bin:/home/brian/.cargo/bin:/home/brian/.local/bin:/usr/local/sbin:/usr/local/bin:/usr/sbin:/usr/bin:/sbin:/bin:/usr/games:/usr/local/games:/snap/bin:/snap/bin:/usr/lib/rstudio/resources/app/bin/quarto/bin:/usr/lib/rstudio/resources/app/bin/postback:/home/brian/.cargo/bin" && \
   	cargo +nightly build --target x86_64-pc-windows-gnu --lib --release --manifest-path=./rust/Cargo.toml --target-dir ./rust/target
        Compiling serde v1.0.160
      Compiling winapi-x86_64-pc-windows-gnu v0.4.0
      Compiling tinyvec_macros v0.1.1
            Compiling cfg-if v1.0.0
      Compiling unicode-ident v1.0.8
        Compiling windows_x86_64_gnu v0.42.2
        Compiling libc v0.2.141
        Compiling unicode-bidi v0.3.13
     error[E0463]: can't find crate for `core`
     |
     = note: the `x86_64-pc-windows-gnu` target may not be installed
     = help: consider downloading the target with `rustup target add x86_64-pc-windows-gnu`
     = help: consider building the standard library from source with `cargo build -Zbuild-std`
   
   error[E0463]: can't find crate for `compiler_builtins`
   
     For more information about this error, try `rustc --explain E0463`.
     error: could not compile `winapi-x86_64-pc-windows-gnu` due to 2 previous errors
   warning: build failed, waiting for other jobs to finish...
     error: requires `sized` lang_item
   
     error: could not compile `cfg-if` due to 2 previous errors
   error: could not compile `unicode-ident` due to 3 previous errors
     error[E0432]: unresolved import `ffi::c_void`
      --> /home/brian/.cargo/registry/src/github.com-1ecc6299db9ec823/libc-0.2.141/src/windows/mod.rs:568:17
       |
   568 |         pub use ::ffi::c_void;
       |                 ^^^^^^^^^^^^^
   
     error: cannot find attribute `derive` in this scope
     --> /home/brian/.cargo/registry/src/github.com-1ecc6299db9ec823/libc-0.2.141/src/windows/mod.rs:43:38
      |
   43 | #[cfg_attr(feature = "extra_traits", derive(Debug))]
      |                                      ^^^^^^
   
   error: cannot find attribute `derive` in this scope
      --> /home/brian/.cargo/registry/src/github.com-1ecc6299db9ec823/libc-0.2.141/src/macros.rs:74:50
       |
   74  |               #[cfg_attr(feature = "extra_traits", derive(Debug, Eq, Hash, PartialEq))]
       |                                                    ^^^^^^
       |
      ::: /home/brian/.cargo/registry/src/github.com-1ecc6299db9ec823/libc-0.2.141/src/windows/mod.rs:55:1
       |
   55  | / s! {
   56  | |     // note this is the struct called stat64 in Windows. Not stat, nor stati64.
   57  | |     pub struct stat {
   58  | |         pub st_dev: dev_t,
   ...   |
   102 | |     }
   103 | | }
       | |_- in this macro invocation
       |
       = note: this error originates in the macro `s` (in Nightly builds, run with -Z macro-backtrace for more info)
   
     error: cannot find attribute `derive` in this scope
      --> /home/brian/.cargo/registry/src/github.com-1ecc6299db9ec823/libc-0.2.141/src/windows/mod.rs:263:38
       |
   263 | #[cfg_attr(feature = "extra_traits", derive(Debug))]
       |                                      ^^^^^^
   
     error: cannot find attribute `derive` in this scope
      --> /home/brian/.cargo/registry/src/github.com-1ecc6299db9ec823/libc-0.2.141/src/windows/mod.rs:271:38
       |
   271 | #[cfg_attr(feature = "extra_traits", derive(Debug))]
       |                                      ^^^^^^
   
     error: could not compile `windows_x86_64_gnu` due to 2 previous errors
     error: could not compile `tinyvec_macros` due to 2 previous errors
     Some errors have detailed explanations: E0432, E0463.
   For more information about an error, try `rustc --explain E0432`.
     error: could not compile `libc` due to 12 previous errors
     error[E0463]: can't find crate for `std`
     |
     = note: the `x86_64-pc-windows-gnu` target may not be installed
     = help: consider downloading the target with `rustup target add x86_64-pc-windows-gnu`
     = help: consider building the standard library from source with `cargo build -Zbuild-std`
   
     error[E0463]: can't find crate for `std`
     --> /home/brian/.cargo/registry/src/github.com-1ecc6299db9ec823/unicode-bidi-0.3.13/src/lib.rs:71:1
      |
   71 | extern crate std;
      | ^^^^^^^^^^^^^^^^^ can't find crate
      |
      = note: the `x86_64-pc-windows-gnu` target may not be installed
      = help: consider downloading the target with `rustup target add x86_64-pc-windows-gnu`
      = help: consider building the standard library from source with `cargo build -Zbuild-std`
   
   error[E0463]: can't find crate for `alloc`
     --> /home/brian/.cargo/registry/src/github.com-1ecc6299db9ec823/unicode-bidi-0.3.13/src/lib.rs:73:1
      |
   73 | extern crate alloc;
      | ^^^^^^^^^^^^^^^^^^^ can't find crate
   
     error[E0463]: can't find crate for `core`
     --> /home/brian/.cargo/registry/src/github.com-1ecc6299db9ec823/unicode-bidi-0.3.13/src/level.rs:18:5
      |
   18 | use core::convert::{From, Into};
      |     ^^^^ can't find crate
      |
      = note: the `x86_64-pc-windows-gnu` target may not be installed
      = help: consider downloading the target with `rustup target add x86_64-pc-windows-gnu`
      = help: consider building the standard library from source with `cargo build -Zbuild-std`
   
   error[E0463]: can't find crate for `core`
     --> /home/brian/.cargo/registry/src/github.com-1ecc6299db9ec823/unicode-bidi-0.3.13/src/level.rs:19:5
      |
   19 | use core::slice;
      |     ^^^^ can't find crate
      |
      = note: the `x86_64-pc-windows-gnu` target may not be installed
      = help: consider downloading the target with `rustup target add x86_64-pc-windows-gnu`
      = help: consider building the standard library from source with `cargo build -Zbuild-std`
   
   error[E0463]: can't find crate for `core`
     --> /home/brian/.cargo/registry/src/github.com-1ecc6299db9ec823/unicode-bidi-0.3.13/src/implicit.rs:13:5
      |
   13 | use core::cmp::max;
      |     ^^^^ can't find crate
      |
      = note: the `x86_64-pc-windows-gnu` target may not be installed
      = help: consider downloading the target with `rustup target add x86_64-pc-windows-gnu`
      = help: consider building the standard library from source with `cargo build -Zbuild-std`
   
     error[E0463]: can't find crate for `core`
     --> /home/brian/.cargo/registry/src/github.com-1ecc6299db9ec823/unicode-bidi-0.3.13/src/lib.rs:96:5
      |
   96 | use core::cmp;
      |     ^^^^ can't find crate
      |
      = note: the `x86_64-pc-windows-gnu` target may not be installed
      = help: consider downloading the target with `rustup target add x86_64-pc-windows-gnu`
      = help: consider building the standard library from source with `cargo build -Zbuild-std`
   
   error[E0463]: can't find crate for `core`
     --> /home/brian/.cargo/registry/src/github.com-1ecc6299db9ec823/unicode-bidi-0.3.13/src/lib.rs:97:5
      |
   97 | use core::iter::repeat;
      |     ^^^^ can't find crate
      |
      = note: the `x86_64-pc-windows-gnu` target may not be installed
      = help: consider downloading the target with `rustup target add x86_64-pc-windows-gnu`
      = help: consider building the standard library from source with `cargo build -Zbuild-std`
   
   error[E0463]: can't find crate for `core`
     --> /home/brian/.cargo/registry/src/github.com-1ecc6299db9ec823/unicode-bidi-0.3.13/src/lib.rs:98:5
      |
   98 | use core::ops::Range;
      |     ^^^^ can't find crate
      |
      = note: the `x86_64-pc-windows-gnu` target may not be installed
      = help: consider downloading the target with `rustup target add x86_64-pc-windows-gnu`
      = help: consider building the standard library from source with `cargo build -Zbuild-std`
   
   error[E0463]: can't find crate for `core`
     --> /home/brian/.cargo/registry/src/github.com-1ecc6299db9ec823/unicode-bidi-0.3.13/src/char_data/mod.rs:16:5
      |
   16 | use core::char;
      |     ^^^^ can't find crate
      |
      = note: the `x86_64-pc-windows-gnu` target may not be installed
      = help: consider downloading the target with `rustup target add x86_64-pc-windows-gnu`
      = help: consider building the standard library from source with `cargo build -Zbuild-std`
   
   error[E0463]: can't find crate for `core`
   --> /home/brian/.cargo/registry/src/github.com-1ecc6299db9ec823/unicode-bidi-0.3.13/src/char_data/mod.rs:       --> /home/brian/.cargo/registry/src/github.com-1ecc6299db9ec823/unicode-bidi-0.3.13/src/char_data/mod.rs:18:5
      |
   18 | use core::cmp::Ordering::{Equal, Greater, Less};
      |     ^^^^ can't find crate
      |
      = note: the `x86_64-pc-windows-gnu` target may not be installed
      = help: consider downloading the target with `rustup target add x86_64-pc-windows-gnu`
      = help: consider building the standard library from source with `cargo build -Zbuild-std`
   
   error[E0463]: can't find crate for `core`
     --> /home/brian/.cargo/registry/src/github.com-1ecc6299db9ec823/unicode-bidi-0.3.13/src/prepare.rs:15:5
      |
   15 | use core::cmp::max;
      |     ^^^^ can't find crate
      |
      = note: the `x86_64-pc-windows-gnu` target may not be installed
      = help: consider downloading the target with `rustup target add x86_64-pc-windows-gnu`
      = help: consider building the standard library from source with `cargo build -Zbuild-std`
   
   error[E0463]: can't find crate for `core`
     --> /home/brian/.cargo/registry/src/github.com-1ecc6299db9ec823/unicode-bidi-0.3.13/src/prepare.rs:16:5
      |
   16 | use core::ops::Range;
      |     ^^^^ can't find crate
      |
      = note: the `x86_64-pc-windows-gnu` target may not be installed
      = help: consider downloading the target with `rustup target add x86_64-pc-windows-gnu`
      = help: consider building the standard library from source with `cargo build -Zbuild-std`
   
     error: cannot find attribute `derive` in this scope
     --> /home/brian/.cargo/registry/src/github.com-1ecc6299db9ec823/unicode-bidi-0.3.13/src/data_source.rs:16:3
      |
   16 | #[derive(Debug, Copy, Clone)]
      |   ^^^^^^
   
     error: cannot find macro `assert` in this scope
     --> /home/brian/.cargo/registry/src/github.com-1ecc6299db9ec823/unicode-bidi-0.3.13/src/deprecated.rs:31:5
      |
   31 |     assert!(line.start <= levels.len());
      |     ^^^^^^
   
     error[E0432]: unresolved imports `self::core::cmp`, `self::core::iter`, `self::core::mem`, `self::core::num`, `self::core::ptr`, `self::core::slice`, `self::core::str`
      --> /home/brian/.cargo/registry/src/github.com-1ecc6299db9ec823/serde-1.0.160/src/lib.rs:171:26
       |
   171 |     pub use self::core::{cmp, iter, mem, num, ptr, slice, str};
       |                          ^^^  ^^^^  ^^^  ^^^  ^^^  ^^^^^  ^^^ no `str` in `lib::core`
       |                          |    |     |    |    |    |
       |                          |    |     |    |    |    no `slice` in `lib::core`
       |                          |    |     |    |    no `ptr` in `lib::core`
       |                          |    |     |    no `num` in `lib::core`
       |                          |    |     no `mem` in `lib::core`
       |                          |    no `iter` in `lib::core`
       |                          no `cmp` in `lib::core`
   
   error[E0432]: unresolved imports `self::core::f32`, `self::core::f64`
      --> /home/brian/.cargo/registry/src/github.com-1ecc6299db9ec823/serde-1.0.160/src/lib.rs:172:26
       |
   172 |     pub use self::core::{f32, f64};
       |                          ^^^  ^^^ no `f64` in `lib::core`
       |                          |
       |                          no `f32` in `lib::core`
   
     error[E0432]: unresolved imports `self::core::i16`, `self::core::i32`, `self::core::i64`, `self::core::i8`, `self::core::isize`
      --> /home/brian/.cargo/registry/src/github.com-1ecc6299db9ec823/serde-1.0.160/src/lib.rs:173:26
       |
   173 |     pub use self::core::{i16, i32, i64, i8, isize};
       |                          ^^^  ^^^  ^^^  ^^  ^^^^^ no `isize` in `lib::core`
       |                          |    |    |    |
       |                          |    |    |    no `i8` in `lib::core`
       |                          |    |    no `i64` in `lib::core`
       |                          |    no `i32` in `lib::core`
       |                          no `i16` in `lib::core`
   
   error[E0432]: unresolved imports `self::core::u16`, `self::core::u32`, `self::core::u64`, `self::core::u8`, `self::core::usize`
      --> /home/brian/.cargo/registry/src/github.com-1ecc6299db9ec823/serde-1.0.160/src/lib.rs:174:26
       |
   174 |     pub use self::core::{u16, u32, u64, u8, usize};
       |                          ^^^  ^^^  ^^^  ^^  ^^^^^ no `usize` in `lib::core`
       |                          |    |    |    |
       |                          |    |    |    no `u8` in `lib::core`
       |                          |    |    no `u64` in `lib::core`
       |                          |    no `u32` in `lib::core`
       |                          no `u16` in `lib::core`
   
   error[E0432]: unresolved import `self::core::cell`
      --> /home/brian/.cargo/registry/src/github.com-1ecc6299db9ec823/serde-1.0.160/src/lib.rs:176:25
       |
   176 |     pub use self::core::cell::{Cell, RefCell};
       |                         ^^^^ could not find `cell` in `core`
   
   error[E0432]: unresolved imports `self::core::clone`, `self::core::clone`
      --> /home/brian/.cargo/registry/src/github.com-1ecc6299db9ec823/serde-1.0.160/src/lib.rs:177:25
       |
   177 |     pub use self::core::clone::{self, Clone};
       |                         ^^^^^   ^^^^ no `clone` in `lib::core`
       |                         |
     |                         could not find `clo         |                         could not find `clone` in `core`
   
   error[E0432]: unresolved imports `self::core::convert`, `self::core::convert`
      --> /home/brian/.cargo/registry/src/github.com-1ecc6299db9ec823/serde-1.0.160/src/lib.rs:178:25
       |
   178 |     pub use self::core::convert::{self, From, Into};
       |                         ^^^^^^^   ^^^^ no `convert` in `lib::core`
       |                         |
       |                         could not find `convert` in `core`
   
   error[E0432]: unresolved imports `self::core::default`, `self::core::default`
      --> /home/brian/.cargo/registry/src/github.com-1ecc6299db9ec823/serde-1.0.160/src/lib.rs:179:25
       |
   179 |     pub use self::core::default::{self, Default};
       |                         ^^^^^^^   ^^^^ no `default` in `lib::core`
       |                         |
       |                         could not find `default` in `core`
   
   error[E0432]: unresolved imports `self::core::fmt`, `self::core::fmt`
      --> /home/brian/.cargo/registry/src/github.com-1ecc6299db9ec823/serde-1.0.160/src/lib.rs:180:25
       |
   180 |     pub use self::core::fmt::{self, Debug, Display};
       |                         ^^^   ^^^^ no `fmt` in `lib::core`
       |                         |
       |                         could not find `fmt` in `core`
       |
   note: module `ser::fmt` exists but is inaccessible
      --> /home/brian/.cargo/registry/src/github.com-1ecc6299db9ec823/serde-1.0.160/src/ser/mod.rs:112:1
       |
   112 | mod fmt;
       | ^^^^^^^^ not accessible
   
   error[E0432]: unresolved imports `self::core::marker`, `self::core::marker`
      --> /home/brian/.cargo/registry/src/github.com-1ecc6299db9ec823/serde-1.0.160/src/lib.rs:181:25
       |
   181 |     pub use self::core::marker::{self, PhantomData};
       |                         ^^^^^^   ^^^^ no `marker` in `lib::core`
       |                         |
       |                         could not find `marker` in `core`
   
   error[E0432]: unresolved import `self::core::num`
      --> /home/brian/.cargo/registry/src/github.com-1ecc6299db9ec823/serde-1.0.160/src/lib.rs:182:25
            |
   182 |     pub use self::core::num::Wrapping;
       |                         ^^^ could not find `num` in `core`
   
   error[E0432]: unresolved import `self::core::ops`
      --> /home/brian/.cargo/registry/src/github.com-1ecc6299db9ec823/serde-1.0.160/src/lib.rs:183:25
       |
   183 |     pub use self::core::ops::Range;
       |                         ^^^ could not find `ops` in `core`
   
   error[E0432]: unresolved imports `self::core::option`, `self::core::option`
      --> /home/brian/.cargo/registry/src/github.com-1ecc6299db9ec823/serde-1.0.160/src/lib.rs:184:25
       |
   184 |     pub use self::core::option::{self, Option};
       |                         ^^^^^^   ^^^^ no `option` in `lib::core`
       |                         |
       |                         could not find `option` in `core`
   
   error[E0432]: unresolved imports `self::core::result`, `self::core::result`
      --> /home/brian/.cargo/registry/src/github.com-1ecc6299db9ec823/serde-1.0.160/src/lib.rs:185:25
       |
   185 |     pub use self::core::result::{self, Result};
       |                         ^^^^^^   ^^^^ no `result` in `lib::core`
       |                         |
       |                         could not find `result` in `core`
   
   error[E0432]: unresolved import `self::core::cmp`
      --> /home/brian/.cargo/registry/src/github.com-1ecc6299db9ec823/serde-1.0.160/src/lib.rs:254:25
       |
   254 |     pub use self::core::cmp::Reverse;
       |                         ^^^ could not find `cmp` in `core`
   
     error[E0432]: unresolved import `self::core::ops`
      --> /home/brian/.cargo/registry/src/github.com-1ecc6299db9ec823/serde-1.0.160/src/lib.rs:257:25
       |
   257 |     pub use self::core::ops::Bound;
       |                         ^^^ could not find `ops` in `core`
   
   error[E0432]: unresolved import `self::core::ops`
      --> /home/brian/.cargo/registry/src/github.com-1ecc6299db9ec823/serde-1.0.160/src/lib.rs:260:25
       |
   260 |     pub use self::core::ops::RangeInclusive;
       |                         ^^^ could not find `ops` in `core`
   
   error[E0432]: unresolved imports `self::core::time`, `lib::fmt`, `lib::fmt::Write`, `lib::str`, `lib::net::IpAddr`, `lib::net::SocketAddr`, `lib::clone::Clone`, `lib::convert::From`, `lib::convert::Into`, `lib::default::Default`, `lib::fmt`, `lib::fmt::Formatter`, `lib::marker::PhantomData`, `lib::option::Option`, `lib::option::Option::None`, `lib::option::Option::Some`, `lib::ptr`, `lib::result::Result`, `lib::result::Result::Err`, `lib::result::Result::Ok`, `lib::ToString`, `lib::Vec`, `lib::convert::TryFrom`
       --> /home/brian/.cargo/registry/src/github.com-1ecc6299db9ec823/serde-1.0.160/src/lib.rs:284:25
        |
   284  |     pub use self::core::time::Duration;
        |                         ^^^^ could not find `time` in `core`
        |
       ::: /home/brian/.cargo/registry/src/github.com-1ecc6299db9ec823/serde-1.0.160/src/de/format.rs:1:16
        |
   1    | use lib::fmt::{self, Write};
        |                ^^^^  ^^^^^
   2    | use lib::str;
        |     ^^^^^^^^
        |
       ::: /home/brian/.cargo/registry/src/github.com-1ecc6299db9ec823/serde-1.0.160/src/de/impls.rs:1564:17
        |
   1564 |             use lib::net::IpAddr;
        |                 ^^^^^^^^^^^^^^^^
   ...
   1607 |             use lib::net::SocketAddr;
        |                 ^^^^^^^^^^^^^^^^^^^^
        |
       ::: /home/brian/.cargo/registry/src/github.com-1ecc6299db9ec823/serde-1.0.160/src/private/mod.rs:11:9
        |
   11   | pub use lib::clone::Clone;
        |         ^^^^^^^^^^^^^^^^^
12   | pub use l     12   | pub use lib::convert::{From, Into};
        |                        ^^^^  ^^^^
   13   | pub use lib::default::Default;
        |         ^^^^^^^^^^^^^^^^^^^^^
   14   | pub use lib::fmt::{self, Formatter};
        |                    ^^^^  ^^^^^^^^^
   15   | pub use lib::marker::PhantomData;
        |         ^^^^^^^^^^^^^^^^^^^^^^^^
   16   | pub use lib::option::Option::{self, None, Some};
        |                               ^^^^  ^^^^  ^^^^
   17   | pub use lib::ptr;
        |         ^^^^^^^^
   18   | pub use lib::result::Result::{self, Err, Ok};
        |                               ^^^^  ^^^  ^^
   ...
   23   | pub use lib::{ToString, Vec};
        |               ^^^^^^^^  ^^^
   ...
   26   | pub use lib::convert::TryFrom;
        |         ^^^^^^^^^^^^^^^^^^^^^
   
   error: cannot find macro `format_args` in this scope
       --> /home/brian/.cargo/registry/src/github.com-1ecc6299db9ec823/serde-1.0.160/src/private/de.rs:2765:27
        |
   2765 |         Err(Error::custom(format_args!(
        |                           ^^^^^^^^^^^
   
   error: cannot find macro `panic` in this scope
       --> /home/brian/.cargo/registry/src/github.com-1ecc6299db9ec823/serde-1.0.160/src/private/de.rs:2992:21
        |
   2992 |             None => panic!("value is missing"),
        |                     ^^^^^
   
   error: cannot find macro `format_args` in this scope
     --> /home/brian/.cargo/registry/src/github.com-1ecc6299db9ec823/serde-1.0.160/src/private/ser.rs:87:28
      |
   87 |         ser::Error::custom(format_args!(
      |                            ^^^^^^^^^^^
   
   error: cannot find macro `format_args` in this scope
       --> /home/brian/.cargo/registry/src/github.com-1ecc6299db9ec823/serde-1.0.160/src/private/ser.rs:1008:28
        |
   1008 |         ser::Error::custom(format_args!(
        |                            ^^^^^^^^^^^
   
   error: cannot find macro `stringify` in this scope
       --> /home/brian/.cargo/registry/src/github.com-1ecc6299db9ec823/serde-1.0.160/src/de/impls.rs:1488:33
        |
1488 |                                   stringify!($variant) => Ok($name_kin     1488 |                                   stringify!($variant) => Ok($name_kind :: $variant),
        |                                   ^^^^^^^^^
   ...
   1729 | / variant_identifier! {
   1730 | |     OsStringKind (Unix; b"Unix"; 0, Windows; b"Windows"; 1)
   1731 | |     "`Unix` or `Windows`",
   1732 | |     OSSTR_VARIANTS
   1733 | | }
        | |_- in this macro invocation
        |
        = note: this error originates in the macro `variant_identifier` (in Nightly builds, run with -Z macro-backtrace for more info)
   
   error: cannot find macro `stringify` in this scope
       --> /home/brian/.cargo/registry/src/github.com-1ecc6299db9ec823/serde-1.0.160/src/de/impls.rs:1454:62
        |
   1454 |           static $variants_name: &'static [&'static str] = &[$(stringify!($variant)),*];
        |                                                                ^^^^^^^^^
   ...
   1729 | / variant_identifier! {
   1730 | |     OsStringKind (Unix; b"Unix"; 0, Windows; b"Windows"; 1)
   1731 | |     "`Unix` or `Windows`",
   1732 | |     OSSTR_VARIANTS
   1733 | | }
        | |_- in this macro invocation
        |
        = note: this error originates in the macro `variant_identifier` (in Nightly builds, run with -Z macro-backtrace for more info)
   
   error: cannot find macro `stringify` in this scope
       --> /home/brian/.cargo/registry/src/github.com-1ecc6299db9ec823/serde-1.0.160/src/de/impls.rs:1551:40
        |
   1551 |           $deserializer.deserialize_enum(stringify!($name), VARIANTS, EnumVisitor)
        |                                          ^^^^^^^^^
   ...
   1608 | /             deserialize_enum! {
   1609 | |                 SocketAddr SocketAddrKind (V4; b"V4"; 0, V6; b"V6"; 1)
   1610 | |                 "`V4` or `V6`",
   1611 | |                 deserializer
   1612 | |             }
        | |_____________- in this macro invocation
        |
        = note: this error originates in the macro `deserialize_enum` (in Nightly builds, run with -Z macro-backtrace for more info)
   
   error: cannot find macro `concat` in this scope
       --> /home/brian/.cargo/registry/src/github.com-1ecc6299db9ec823/serde-1.0.160/src/de/impls.rs:1536:37
               |
   1536 |                   formatter.write_str(concat!("a ", stringify!($name)))
        |                                       ^^^^^^
   ...
   1608 | /             deserialize_enum! {
   1609 | |                 SocketAddr SocketAddrKind (V4; b"V4"; 0, V6; b"V6"; 1)
   1610 | |                 "`V4` or `V6`",
   1611 | |                 deserializer
   1612 | |             }
        | |_____________- in this macro invocation
        |
        = note: this error originates in the macro `deserialize_enum` (in Nightly builds, run with -Z macro-backtrace for more info)
   
   error: cannot find macro `stringify` in this scope
       --> /home/brian/.cargo/registry/src/github.com-1ecc6299db9ec823/serde-1.0.160/src/de/impls.rs:1488:33
        |
   1488 |                                   stringify!($variant) => Ok($name_kind :: $variant),
        |                                   ^^^^^^^^^
   ...
   1608 | /             deserialize_enum! {
   1609 | |                 SocketAddr SocketAddrKind (V4; b"V4"; 0, V6; b"V6"; 1)
   1610 | |                 "`V4` or `V6`",
   1611 | |                 deserializer
   1612 | |             }
        | |_____________- in this macro invocation
        |
        = note: this error originates in the macro `variant_identifier` which comes from the expansion of the macro `deserialize_enum` (in Nightly builds, run with -Z macro-backtrace for more info)
   
   error: cannot find macro `stringify` in this scope
       --> /home/brian/.cargo/registry/src/github.com-1ecc6299db9ec823/serde-1.0.160/src/de/impls.rs:1454:62
        |
   1454 |           static $variants_name: &'static [&'static str] = &[$(stringify!($variant)),*];
        |                                                                ^^^^^^^^^
   ...
   1608 | /             deserialize_enum! {
   1609 | |                 SocketAddr SocketAddrKind (V4; b"V4"; 0, V6; b"V6"; 1)
   1610 | |                 "`V4` or `V6`",
   1611 | |                 deserializer
   1612 | |             }
        | |_____________- in this macro invocation
        |
      = note: this error originates in the mac          = note: this error originates in the macro `variant_identifier` which comes from the expansion of the macro `deserialize_enum` (in Nightly builds, run with -Z macro-backtrace for more info)
   
   error: cannot find macro `stringify` in this scope
       --> /home/brian/.cargo/registry/src/github.com-1ecc6299db9ec823/serde-1.0.160/src/de/impls.rs:1551:40
        |
   1551 |           $deserializer.deserialize_enum(stringify!($name), VARIANTS, EnumVisitor)
        |                                          ^^^^^^^^^
   ...
   1565 | /             deserialize_enum! {
   1566 | |                 IpAddr IpAddrKind (V4; b"V4"; 0, V6; b"V6"; 1)
   1567 | |                 "`V4` or `V6`",
   1568 | |                 deserializer
   1569 | |             }
        | |_____________- in this macro invocation
        |
        = note: this error originates in the macro `deserialize_enum` (in Nightly builds, run with -Z macro-backtrace for more info)
   
   error: cannot find macro `concat` in this scope
       --> /home/brian/.cargo/registry/src/github.com-1ecc6299db9ec823/serde-1.0.160/src/de/impls.rs:1536:37
        |
   1536 |                   formatter.write_str(concat!("a ", stringify!($name)))
        |                                       ^^^^^^
   ...
   1565 | /             deserialize_enum! {
   1566 | |                 IpAddr IpAddrKind (V4; b"V4"; 0, V6; b"V6"; 1)
   1567 | |                 "`V4` or `V6`",
   1568 | |                 deserializer
   1569 | |             }
        | |_____________- in this macro invocation
        |
        = note: this error originates in the macro `deserialize_enum` (in Nightly builds, run with -Z macro-backtrace for more info)
   
   error: cannot find macro `stringify` in this scope
       --> /home/brian/.cargo/registry/src/github.com-1ecc6299db9ec823/serde-1.0.160/src/de/impls.rs:1488:33
        |
   1488 |                                   stringify!($variant) => Ok($name_kind :: $variant),
        |                                   ^^^^^^^^^
   ...
   1565 | /             deserialize_enum! {
   1566 | |                 IpAddr IpAddrKind (V4; b"V4"; 0, V6; b"V6"; 1)
1567 | |       1567 | |                 "`V4` or `V6`",
   1568 | |                 deserializer
   1569 | |             }
        | |_____________- in this macro invocation
        |
        = note: this error originates in the macro `variant_identifier` which comes from the expansion of the macro `deserialize_enum` (in Nightly builds, run with -Z macro-backtrace for more info)
   
   error: cannot find macro `stringify` in this scope
       --> /home/brian/.cargo/registry/src/github.com-1ecc6299db9ec823/serde-1.0.160/src/de/impls.rs:1454:62
        |
   1454 |           static $variants_name: &'static [&'static str] = &[$(stringify!($variant)),*];
        |                                                                ^^^^^^^^^
   ...
   1565 | /             deserialize_enum! {
   1566 | |                 IpAddr IpAddrKind (V4; b"V4"; 0, V6; b"V6"; 1)
   1567 | |                 "`V4` or `V6`",
   1568 | |                 deserializer
   1569 | |             }
        | |_____________- in this macro invocation
        |
        = note: this error originates in the macro `variant_identifier` which comes from the expansion of the macro `deserialize_enum` (in Nightly builds, run with -Z macro-backtrace for more info)
   
   error: cannot find macro `concat` in this scope
       --> /home/brian/.cargo/registry/src/github.com-1ecc6299db9ec823/serde-1.0.160/src/de/impls.rs:1309:49
        |
   1309 |                               formatter.write_str(concat!("a tuple of size ", $len))
        |                                                   ^^^^^^
   ...
   1335 | / tuple_impls! {
   1336 | |     1  => (0 T0)
   1337 | |     2  => (0 T0 1 T1)
   1338 | |     3  => (0 T0 1 T1 2 T2)
   ...    |
   1351 | |     16 => (0 T0 1 T1 2 T2 3 T3 4 T4 5 T5 6 T6 7 T7 8 T8 9 T9 10 T10 11 T11 12 T12 13 T13 14 T14 15 T15)
   1352 | | }
        | |_- in this macro invocation
        |
        = note: this error originates in the macro `tuple_impls` (in Nightly builds, run with -Z macro-backtrace for more info)
   
     error: cannot find macro `concat` in this scope
       --> /home/brian/.cargo/registry/src/github.com-1ecc6299db9ec823/serde-1.0.160/src/de/impls.rs:1275:49
        |
   1275 |                               formatter.write_str(concat!("a tuple of size ", $len))
        |                                                   ^^^^^^
   ...
   1335 | / tuple_impls! {
   1336 | |     1  => (0 T0)
   1337 | |     2  => (0 T0 1 T1)
   1338 | |     3  => (0 T0 1 T1 2 T2)
   ...    |
   1351 | |     16 => (0 T0 1 T1 2 T2 3 T3 4 T4 5 T5 6 T6 7 T7 8 T8 9 T9 10 T10 11 T11 12 T12 13 T13 14 T14 15 T15)
   1352 | | }
        | |_- in this macro invocation
        |
        = note: this error originates in the macro `tuple_impls` (in Nightly builds, run with -Z macro-backtrace for more info)
   
   error: cannot find macro `concat` in this scope
       --> /home/brian/.cargo/registry/src/github.com-1ecc6299db9ec823/serde-1.0.160/src/de/impls.rs:1177:41
        |
   1177 |                       formatter.write_str(concat!("an array of length ", $len))
        |                                           ^^^^^^
   ...
   1221 | / array_impls! {
   1222 | |     1 => (0)
   1223 | |     2 => (0 1)
   1224 | |     3 => (0 1 2)
   ...    |
   1253 | |     32 => (0 1 2 3 4 5 6 7 8 9 10 11 12 13 14 15 16 17 18 19 20 21 22 23 24 25 26 27 28 29 30 31)
   1254 | | }
        | |_- in this macro invocation
        |
        = note: this error originates in the macro `array_impls` (in Nightly builds, run with -Z macro-backtrace for more info)
   
   error: cannot find macro `concat` in this scope
       --> /home/brian/.cargo/registry/src/github.com-1ecc6299db9ec823/serde-1.0.160/src/de/impls.rs:1153:41
        |
   1153 |                       formatter.write_str(concat!("an array of length ", $len))
        |                                           ^^^^^^
   ...
   1221 | / array_impls! {
   1222 | |     1 => (0)
   1223 | |     2 => (0 1)
   1224 | |     3 => (0 1 2)
   ...    |
   1253 | |     32 => (0 1 2 3 4 5 6 7 8 9 10 11 12 13 14 15 16 17 18 19 20 21 22 23 24 25 26 27 28 29 30 31)
   1254 | | }
      | |_- in this macro invo          | |_- in this macro invocation
        |
        = note: this error originates in the macro `array_impls` (in Nightly builds, run with -Z macro-backtrace for more info)
   
   error: cannot find macro `assert` in this scope
     --> /home/brian/.cargo/registry/src/github.com-1ecc6299db9ec823/unicode-bidi-0.3.13/src/deprecated.rs:32:5
      |
   32 |     assert!(line.end <= levels.len());
      |     ^^^^^^
   
   error: cannot find macro `stringify` in this scope
      --> /home/brian/.cargo/registry/src/github.com-1ecc6299db9ec823/serde-1.0.160/src/de/impls.rs:404:43
       |
   404 |                           Unexpected::Other(stringify!($ty)),
       |                                             ^^^^^^^^^
   ...
   420 | /     impl_deserialize_num! {
   421 | |         u128, NonZeroU128, deserialize_u128
   422 | |         num_self!(u128:visit_u128);
   423 | |         num_as_self!(u8:visit_u8 u16:visit_u16 u32:visit_u32 u64:visit_u64);
   424 | |         int_to_uint!(i8:visit_i8 i16:visit_i16 i32:visit_i32 i64:visit_i64);
   425 | |         num_128!(i128:visit_i128);
   426 | |     }
       | |_____- in this macro invocation
       |
       = note: this error originates in the macro `num_128` which comes from the expansion of the macro `impl_deserialize_num` (in Nightly builds, run with -Z macro-backtrace for more info)
   
   error: cannot find macro `concat` in this scope
      --> /home/brian/.cargo/registry/src/github.com-1ecc6299db9ec823/serde-1.0.160/src/de/impls.rs:99:45
       |
   99  |                           formatter.write_str(concat!("a nonzero ", stringify!($primitive)))
       |                                               ^^^^^^
   ...
   420 | /     impl_deserialize_num! {
   421 | |         u128, NonZeroU128, deserialize_u128
   422 | |         num_self!(u128:visit_u128);
   423 | |         num_as_self!(u8:visit_u8 u16:visit_u16 u32:visit_u32 u64:visit_u64);
   424 | |         int_to_uint!(i8:visit_i8 i16:visit_i16 i32:visit_i32 i64:visit_i64);
   425 | |         num_128!(i128:visit_i128);
   426 | |     }
       | |_____- in this macro invocation
       |
     = note: this error origin         = note: this error originates in the macro `impl_deserialize_num` (in Nightly builds, run with -Z macro-backtrace for more info)
   
   error: cannot find macro `stringify` in this scope
      --> /home/brian/.cargo/registry/src/github.com-1ecc6299db9ec823/serde-1.0.160/src/de/impls.rs:382:43
       |
   382 |                           Unexpected::Other(stringify!($ty)),
       |                                             ^^^^^^^^^
   ...
   420 | /     impl_deserialize_num! {
   421 | |         u128, NonZeroU128, deserialize_u128
   422 | |         num_self!(u128:visit_u128);
   423 | |         num_as_self!(u8:visit_u8 u16:visit_u16 u32:visit_u32 u64:visit_u64);
   424 | |         int_to_uint!(i8:visit_i8 i16:visit_i16 i32:visit_i32 i64:visit_i64);
   425 | |         num_128!(i128:visit_i128);
   426 | |     }
       | |_____- in this macro invocation
       |
       = note: this error originates in the macro `num_128` which comes from the expansion of the macro `impl_deserialize_num` (in Nightly builds, run with -Z macro-backtrace for more info)
   
   error: cannot find macro `stringify` in this scope
      --> /home/brian/.cargo/registry/src/github.com-1ecc6299db9ec823/serde-1.0.160/src/de/impls.rs:123:45
       |
   123 |                           formatter.write_str(stringify!($primitive))
       |                                               ^^^^^^^^^
   ...
   420 | /     impl_deserialize_num! {
   421 | |         u128, NonZeroU128, deserialize_u128
   422 | |         num_self!(u128:visit_u128);
   423 | |         num_as_self!(u8:visit_u8 u16:visit_u16 u32:visit_u32 u64:visit_u64);
   424 | |         int_to_uint!(i8:visit_i8 i16:visit_i16 i32:visit_i32 i64:visit_i64);
   425 | |         num_128!(i128:visit_i128);
   426 | |     }
       | |_____- in this macro invocation
       |
       = note: this error originates in the macro `impl_deserialize_num` (in Nightly builds, run with -Z macro-backtrace for more info)
   
   error: cannot find macro `stringify` in this scope
      --> /home/brian/.cargo/registry/src/github.com-1ecc6299db9ec823/serde-1.0.160/src/de/impls.rs:404:43
       |
404 |        404 |                           Unexpected::Other(stringify!($ty)),
       |                                             ^^^^^^^^^
   ...
   412 | /     impl_deserialize_num! {
   413 | |         i128, NonZeroI128 cfg(not(no_num_nonzero_signed)), deserialize_i128
   414 | |         num_self!(i128:visit_i128);
   415 | |         num_as_self!(i8:visit_i8 i16:visit_i16 i32:visit_i32 i64:visit_i64);
   416 | |         num_as_self!(u8:visit_u8 u16:visit_u16 u32:visit_u32 u64:visit_u64);
   417 | |         num_128!(u128:visit_u128);
   418 | |     }
       | |_____- in this macro invocation
       |
       = note: this error originates in the macro `num_128` which comes from the expansion of the macro `impl_deserialize_num` (in Nightly builds, run with -Z macro-backtrace for more info)
   
   error: cannot find macro `concat` in this scope
      --> /home/brian/.cargo/registry/src/github.com-1ecc6299db9ec823/serde-1.0.160/src/de/impls.rs:99:45
       |
   99  |                           formatter.write_str(concat!("a nonzero ", stringify!($primitive)))
       |                                               ^^^^^^
   ...
   412 | /     impl_deserialize_num! {
   413 | |         i128, NonZeroI128 cfg(not(no_num_nonzero_signed)), deserialize_i128
   414 | |         num_self!(i128:visit_i128);
   415 | |         num_as_self!(i8:visit_i8 i16:visit_i16 i32:visit_i32 i64:visit_i64);
   416 | |         num_as_self!(u8:visit_u8 u16:visit_u16 u32:visit_u32 u64:visit_u64);
   417 | |         num_128!(u128:visit_u128);
   418 | |     }
       | |_____- in this macro invocation
       |
       = note: this error originates in the macro `impl_deserialize_num` (in Nightly builds, run with -Z macro-backtrace for more info)
   
   error: cannot find macro `stringify` in this scope
      --> /home/brian/.cargo/registry/src/github.com-1ecc6299db9ec823/serde-1.0.160/src/de/impls.rs:382:43
       |
   382 |                           Unexpected::Other(stringify!($ty)),
       |                                             ^^^^^^^^^
   ...
   412 | /     impl_deserialize_num! {
413 | |         i128, NonZeroI128      413 | |         i128, NonZeroI128 cfg(not(no_num_nonzero_signed)), deserialize_i128
   414 | |         num_self!(i128:visit_i128);
   415 | |         num_as_self!(i8:visit_i8 i16:visit_i16 i32:visit_i32 i64:visit_i64);
   416 | |         num_as_self!(u8:visit_u8 u16:visit_u16 u32:visit_u32 u64:visit_u64);
   417 | |         num_128!(u128:visit_u128);
   418 | |     }
       | |_____- in this macro invocation
       |
       = note: this error originates in the macro `num_128` which comes from the expansion of the macro `impl_deserialize_num` (in Nightly builds, run with -Z macro-backtrace for more info)
   
   error: cannot find macro `stringify` in this scope
      --> /home/brian/.cargo/registry/src/github.com-1ecc6299db9ec823/serde-1.0.160/src/de/impls.rs:123:45
       |
   123 |                           formatter.write_str(stringify!($primitive))
       |                                               ^^^^^^^^^
   ...
   412 | /     impl_deserialize_num! {
   413 | |         i128, NonZeroI128 cfg(not(no_num_nonzero_signed)), deserialize_i128
   414 | |         num_self!(i128:visit_i128);
   415 | |         num_as_self!(i8:visit_i8 i16:visit_i16 i32:visit_i32 i64:visit_i64);
   416 | |         num_as_self!(u8:visit_u8 u16:visit_u16 u32:visit_u32 u64:visit_u64);
   417 | |         num_128!(u128:visit_u128);
   418 | |     }
       | |_____- in this macro invocation
       |
       = note: this error originates in the macro `impl_deserialize_num` (in Nightly builds, run with -Z macro-backtrace for more info)
   
   error: cannot find macro `stringify` in this scope
      --> /home/brian/.cargo/registry/src/github.com-1ecc6299db9ec823/serde-1.0.160/src/de/impls.rs:123:45
       |
   123 |                           formatter.write_str(stringify!($primitive))
       |                                               ^^^^^^^^^
   ...
   361 | / impl_deserialize_num! {
   362 | |     f64, deserialize_f64
   363 | |     num_self!(f64:visit_f64);
   364 | |     num_as_self!(f32:visit_f32);
   365 | |     num_as_self!(i8:visit_i8 i16:visit_i16 i32:visit_i32 i64:visit_i64);
366 | |     num_as_self!(u8:visit_u8 u16:visi     366 | |     num_as_self!(u8:visit_u8 u16:visit_u16 u32:visit_u32 u64:visit_u64);
   367 | | }
       | |_- in this macro invocation
       |
       = note: this error originates in the macro `impl_deserialize_num` (in Nightly builds, run with -Z macro-backtrace for more info)
   
   error: cannot find macro `stringify` in this scope
      --> /home/brian/.cargo/registry/src/github.com-1ecc6299db9ec823/serde-1.0.160/src/de/impls.rs:123:45
       |
   123 |                           formatter.write_str(stringify!($primitive))
       |                                               ^^^^^^^^^
   ...
   353 | / impl_deserialize_num! {
   354 | |     f32, deserialize_f32
   355 | |     num_self!(f32:visit_f32);
   356 | |     num_as_self!(f64:visit_f64);
   357 | |     num_as_self!(i8:visit_i8 i16:visit_i16 i32:visit_i32 i64:visit_i64);
   358 | |     num_as_self!(u8:visit_u8 u16:visit_u16 u32:visit_u32 u64:visit_u64);
   359 | | }
       | |_- in this macro invocation
       |
       = note: this error originates in the macro `impl_deserialize_num` (in Nightly builds, run with -Z macro-backtrace for more info)
   
   error: cannot find macro `concat` in this scope
      --> /home/brian/.cargo/registry/src/github.com-1ecc6299db9ec823/serde-1.0.160/src/de/impls.rs:99:45
       |
   99  |                           formatter.write_str(concat!("a nonzero ", stringify!($primitive)))
       |                                               ^^^^^^
   ...
   346 | / impl_deserialize_num! {
   347 | |     usize, NonZeroUsize, deserialize_u64
   348 | |     num_as_self!(u8:visit_u8 u16:visit_u16);
   349 | |     int_to_uint!(i8:visit_i8 i16:visit_i16 i32:visit_i32 i64:visit_i64);
   350 | |     uint_to_self!(u32:visit_u32 u64:visit_u64);
   351 | | }
       | |_- in this macro invocation
       |
       = note: this error originates in the macro `impl_deserialize_num` (in Nightly builds, run with -Z macro-backtrace for more info)
   
   error: cannot find macro `stringify` in this scope
      --> /home/brian/.cargo/registry/src/github.com-1ecc6299db9ec823/serde-1.0.160/src/de/impls.rs:123:45
       |
123 |                           formatter.write_s     123 |                           formatter.write_str(stringify!($primitive))
       |                                               ^^^^^^^^^
   ...
   346 | / impl_deserialize_num! {
   347 | |     usize, NonZeroUsize, deserialize_u64
   348 | |     num_as_self!(u8:visit_u8 u16:visit_u16);
   349 | |     int_to_uint!(i8:visit_i8 i16:visit_i16 i32:visit_i32 i64:visit_i64);
   350 | |     uint_to_self!(u32:visit_u32 u64:visit_u64);
   351 | | }
       | |_- in this macro invocation
       |
       = note: this error originates in the macro `impl_deserialize_num` (in Nightly builds, run with -Z macro-backtrace for more info)
   
     error: cannot find macro `concat` in this scope
      --> /home/brian/.cargo/registry/src/github.com-1ecc6299db9ec823/serde-1.0.160/src/de/impls.rs:99:45
       |
   99  |                           formatter.write_str(concat!("a nonzero ", stringify!($primitive)))
       |                                               ^^^^^^
   ...
   339 | / impl_deserialize_num! {
   340 | |     u64, NonZeroU64, deserialize_u64
   341 | |     num_self!(u64:visit_u64);
   342 | |     num_as_self!(u8:visit_u8 u16:visit_u16 u32:visit_u32);
   343 | |     int_to_uint!(i8:visit_i8 i16:visit_i16 i32:visit_i32 i64:visit_i64);
   344 | | }
       | |_- in this macro invocation
       |
       = note: this error originates in the macro `impl_deserialize_num` (in Nightly builds, run with -Z macro-backtrace for more info)
   
   error: cannot find macro `stringify` in this scope
      --> /home/brian/.cargo/registry/src/github.com-1ecc6299db9ec823/serde-1.0.160/src/de/impls.rs:123:45
       |
   123 |                           formatter.write_str(stringify!($primitive))
       |                                               ^^^^^^^^^
   ...
   339 | / impl_deserialize_num! {
   340 | |     u64, NonZeroU64, deserialize_u64
   341 | |     num_self!(u64:visit_u64);
   342 | |     num_as_self!(u8:visit_u8 u16:visit_u16 u32:visit_u32);
   343 | |     int_to_uint!(i8:visit_i8 i16:visit_i16 i32:visit_i32 i64:visit_i64);
   344 | | }
       | |_- in this macro invocation
       |
       = note: this error originates in the macro `impl_deserialize_num` (in Nightly builds, run with -Z macro-backtrace for more info)
   
   error: cannot find macro `concat` in this scope
      --> /home/brian/.cargo/registry/src/github.com-1ecc6299db9ec823/serde-1.0.160/src/de/impls.rs:99:45
       |
   99  |                           formatter.write_str(concat!("a nonzero ", stringify!($primitive)))
       |                                               ^^^^^^
   ...
   331 | / impl_deserialize_num! {
   332 | |     u32, NonZeroU32, deserialize_u32
   333 | |     num_self!(u32:visit_u32);
334 | |     num_as_self!(u8:visit_u8 u16:visit_u     334 | |     num_as_self!(u8:visit_u8 u16:visit_u16);
   335 | |     int_to_uint!(i8:visit_i8 i16:visit_i16 i32:visit_i32 i64:visit_i64);
   336 | |     uint_to_self!(u64:visit_u64);
   337 | | }
       | |_- in this macro invocation
       |
       = note: this error originates in the macro `impl_deserialize_num` (in Nightly builds, run with -Z macro-backtrace for more info)
   
   error: cannot find macro `stringify` in this scope
      --> /home/brian/.cargo/registry/src/github.com-1ecc6299db9ec823/serde-1.0.160/src/de/impls.rs:123:45
       |
   123 |                           formatter.write_str(stringify!($primitive))
       |                                               ^^^^^^^^^
   ...
   331 | / impl_deserialize_num! {
   332 | |     u32, NonZeroU32, deserialize_u32
   333 | |     num_self!(u32:visit_u32);
   334 | |     num_as_self!(u8:visit_u8 u16:visit_u16);
   335 | |     int_to_uint!(i8:visit_i8 i16:visit_i16 i32:visit_i32 i64:visit_i64);
   336 | |     uint_to_self!(u64:visit_u64);
   337 | | }
       | |_- in this macro invocation
       |
       = note: this error originates in the macro `impl_deserialize_num` (in Nightly builds, run with -Z macro-backtrace for more info)
   
   error: cannot find macro `concat` in this scope
      --> /home/brian/.cargo/registry/src/github.com-1ecc6299db9ec823/serde-1.0.160/src/de/impls.rs:99:45
       |
   99  |                           formatter.write_str(concat!("a nonzero ", stringify!($primitive)))
       |                                               ^^^^^^
   ...
   323 | / impl_deserialize_num! {
   324 | |     u16, NonZeroU16, deserialize_u16
   325 | |     num_self!(u16:visit_u16);
   326 | |     num_as_self!(u8:visit_u8);
   327 | |     int_to_uint!(i8:visit_i8 i16:visit_i16 i32:visit_i32 i64:visit_i64);
   328 | |     uint_to_self!(u32:visit_u32 u64:visit_u64);
   329 | | }
       | |_- in this macro invocation
       |
       = note: this error originates in the macro `impl_deserialize_num` (in Nightly builds, run with -Z macro-backtrace for more info)
   
   error: cannot find macro `stringify` in this scope
    --> /home/brian/.cargo/registry/src/github.com-1ecc6299db9e        --> /home/brian/.cargo/registry/src/github.com-1ecc6299db9ec823/serde-1.0.160/src/de/impls.rs:123:45
       |
   123 |                           formatter.write_str(stringify!($primitive))
       |                                               ^^^^^^^^^
   ...
   323 | / impl_deserialize_num! {
   324 | |     u16, NonZeroU16, deserialize_u16
   325 | |     num_self!(u16:visit_u16);
   326 | |     num_as_self!(u8:visit_u8);
   327 | |     int_to_uint!(i8:visit_i8 i16:visit_i16 i32:visit_i32 i64:visit_i64);
   328 | |     uint_to_self!(u32:visit_u32 u64:visit_u64);
   329 | | }
       | |_- in this macro invocation
       |
       = note: this error originates in the macro `impl_deserialize_num` (in Nightly builds, run with -Z macro-backtrace for more info)
   
   error: cannot find macro `concat` in this scope
      --> /home/brian/.cargo/registry/src/github.com-1ecc6299db9ec823/serde-1.0.160/src/de/impls.rs:99:45
       |
   99  |                           formatter.write_str(concat!("a nonzero ", stringify!($primitive)))
       |                                               ^^^^^^
   ...
   316 | / impl_deserialize_num! {
   317 | |     u8, NonZeroU8, deserialize_u8
   318 | |     num_self!(u8:visit_u8);
   319 | |     int_to_uint!(i8:visit_i8 i16:visit_i16 i32:visit_i32 i64:visit_i64);
   320 | |     uint_to_self!(u16:visit_u16 u32:visit_u32 u64:visit_u64);
   321 | | }
       | |_- in this macro invocation
       |
       = note: this error originates in the macro `impl_deserialize_num` (in Nightly builds, run with -Z macro-backtrace for more info)
   
   error: cannot find macro `stringify` in this scope
      --> /home/brian/.cargo/registry/src/github.com-1ecc6299db9ec823/serde-1.0.160/src/de/impls.rs:123:45
       |
   123 |                           formatter.write_str(stringify!($primitive))
       |                                               ^^^^^^^^^
   ...
   316 | / impl_deserialize_num! {
   317 | |     u8, NonZeroU8, deserialize_u8
   318 | |     num_self!(u8:visit_u8);
   319 | |     int_to_uint!(i8:visit_i8 i16:visit_i16 i32:visit_i32 i64:visit_i64);
   320 | |     uint_to_self!(u16:visit_u16 u32:visit_u32 u64:visit_u64);
321 |     321 | | }
       | |_- in this macro invocation
       |
       = note: this error originates in the macro `impl_deserialize_num` (in Nightly builds, run with -Z macro-backtrace for more info)
   
   error: cannot find macro `concat` in this scope
      --> /home/brian/.cargo/registry/src/github.com-1ecc6299db9ec823/serde-1.0.160/src/de/impls.rs:99:45
       |
   99  |                           formatter.write_str(concat!("a nonzero ", stringify!($primitive)))
       |                                               ^^^^^^
   ...
   309 | / impl_deserialize_num! {
   310 | |     isize, NonZeroIsize cfg(not(no_num_nonzero_signed)), deserialize_i64
   311 | |     num_as_self!(i8:visit_i8 i16:visit_i16);
   312 | |     int_to_int!(i32:visit_i32 i64:visit_i64);
   313 | |     uint_to_self!(u8:visit_u8 u16:visit_u16 u32:visit_u32 u64:visit_u64);
   314 | | }
       | |_- in this macro invocation
       |
       = note: this error originates in the macro `impl_deserialize_num` (in Nightly builds, run with -Z macro-backtrace for more info)
   
   error: cannot find macro `stringify` in this scope
      --> /home/brian/.cargo/registry/src/github.com-1ecc6299db9ec823/serde-1.0.160/src/de/impls.rs:123:45
       |
   123 |                           formatter.write_str(stringify!($primitive))
       |                                               ^^^^^^^^^
   ...
   309 | / impl_deserialize_num! {
   310 | |     isize, NonZeroIsize cfg(not(no_num_nonzero_signed)), deserialize_i64
   311 | |     num_as_self!(i8:visit_i8 i16:visit_i16);
   312 | |     int_to_int!(i32:visit_i32 i64:visit_i64);
   313 | |     uint_to_self!(u8:visit_u8 u16:visit_u16 u32:visit_u32 u64:visit_u64);
   314 | | }
       | |_- in this macro invocation
       |
       = note: this error originates in the macro `impl_deserialize_num` (in Nightly builds, run with -Z macro-backtrace for more info)
   
   error: cannot find macro `concat` in this scope
      --> /home/brian/.cargo/registry/src/github.com-1ecc6299db9ec823/serde-1.0.160/src/de/impls.rs:99:45
       |
99  |                           formatter.write_str(concat!("a nonz     99  |                           formatter.write_str(concat!("a nonzero ", stringify!($primitive)))
       |                                               ^^^^^^
   ...
   302 | / impl_deserialize_num! {
   303 | |     i64, NonZeroI64 cfg(not(no_num_nonzero_signed)), deserialize_i64
   304 | |     num_self!(i64:visit_i64);
   305 | |     num_as_self!(i8:visit_i8 i16:visit_i16 i32:visit_i32);
   306 | |     uint_to_self!(u8:visit_u8 u16:visit_u16 u32:visit_u32 u64:visit_u64);
   307 | | }
       | |_- in this macro invocation
       |
       = note: this error originates in the macro `impl_deserialize_num` (in Nightly builds, run with -Z macro-backtrace for more info)
   
   error: cannot find macro `stringify` in this scope
      --> /home/brian/.cargo/registry/src/github.com-1ecc6299db9ec823/serde-1.0.160/src/de/impls.rs:123:45
       |
   123 |                           formatter.write_str(stringify!($primitive))
       |                                               ^^^^^^^^^
   ...
   302 | / impl_deserialize_num! {
   303 | |     i64, NonZeroI64 cfg(not(no_num_nonzero_signed)), deserialize_i64
   304 | |     num_self!(i64:visit_i64);
   305 | |     num_as_self!(i8:visit_i8 i16:visit_i16 i32:visit_i32);
   306 | |     uint_to_self!(u8:visit_u8 u16:visit_u16 u32:visit_u32 u64:visit_u64);
   307 | | }
       | |_- in this macro invocation
       |
       = note: this error originates in the macro `impl_deserialize_num` (in Nightly builds, run with -Z macro-backtrace for more info)
   
   error: cannot find macro `concat` in this scope
      --> /home/brian/.cargo/registry/src/github.com-1ecc6299db9ec823/serde-1.0.160/src/de/impls.rs:99:45
       |
   99  |                           formatter.write_str(concat!("a nonzero ", stringify!($primitive)))
       |                                               ^^^^^^
   ...
   294 | / impl_deserialize_num! {
   295 | |     i32, NonZeroI32 cfg(not(no_num_nonzero_signed)), deserialize_i32
   296 | |     num_self!(i32:visit_i32);
   297 | |     num_as_self!(i8:visit_i8 i16:visit_i16);
   298 | |     int_to_int!(i64:visit_i64);
299 | |     uint_to_self!(u8:visit_u8 u16:visit_u16 u32:visit_u32 u64:visit_u64);     299 | |     uint_to_self!(u8:visit_u8 u16:visit_u16 u32:visit_u32 u64:visit_u64);
   300 | | }
       | |_- in this macro invocation
       |
       = note: this error originates in the macro `impl_deserialize_num` (in Nightly builds, run with -Z macro-backtrace for more info)
   
   error: cannot find macro `stringify` in this scope
      --> /home/brian/.cargo/registry/src/github.com-1ecc6299db9ec823/serde-1.0.160/src/de/impls.rs:123:45
       |
   123 |                           formatter.write_str(stringify!($primitive))
       |                                               ^^^^^^^^^
   ...
   294 | / impl_deserialize_num! {
   295 | |     i32, NonZeroI32 cfg(not(no_num_nonzero_signed)), deserialize_i32
   296 | |     num_self!(i32:visit_i32);
   297 | |     num_as_self!(i8:visit_i8 i16:visit_i16);
   298 | |     int_to_int!(i64:visit_i64);
   299 | |     uint_to_self!(u8:visit_u8 u16:visit_u16 u32:visit_u32 u64:visit_u64);
   300 | | }
       | |_- in this macro invocation
       |
       = note: this error originates in the macro `impl_deserialize_num` (in Nightly builds, run with -Z macro-backtrace for more info)
   
   error: cannot find macro `concat` in this scope
      --> /home/brian/.cargo/registry/src/github.com-1ecc6299db9ec823/serde-1.0.160/src/de/impls.rs:99:45
       |
   99  |                           formatter.write_str(concat!("a nonzero ", stringify!($primitive)))
       |                                               ^^^^^^
   ...
   286 | / impl_deserialize_num! {
   287 | |     i16, NonZeroI16 cfg(not(no_num_nonzero_signed)), deserialize_i16
   288 | |     num_self!(i16:visit_i16);
   289 | |     num_as_self!(i8:visit_i8);
   290 | |     int_to_int!(i32:visit_i32 i64:visit_i64);
   291 | |     uint_to_self!(u8:visit_u8 u16:visit_u16 u32:visit_u32 u64:visit_u64);
   292 | | }
       | |_- in this macro invocation
       |
       = note: this error originates in the macro `impl_deserialize_num` (in Nightly builds, run with -Z macro-backtrace for more info)
   
   error: cannot find macro `stringify` in this scope
      --> /home/brian/.cargo/registry/src/github.com-1ecc6299db9ec823/serde-1.0.160/src/de/impls.rs:123:45
       |
123 |                 123 |                           formatter.write_str(stringify!($primitive))
       |                                               ^^^^^^^^^
   ...
   286 | / impl_deserialize_num! {
   287 | |     i16, NonZeroI16 cfg(not(no_num_nonzero_signed)), deserialize_i16
   288 | |     num_self!(i16:visit_i16);
   289 | |     num_as_self!(i8:visit_i8);
   290 | |     int_to_int!(i32:visit_i32 i64:visit_i64);
   291 | |     uint_to_self!(u8:visit_u8 u16:visit_u16 u32:visit_u32 u64:visit_u64);
   292 | | }
       | |_- in this macro invocation
       |
       = note: this error originates in the macro `impl_deserialize_num` (in Nightly builds, run with -Z macro-backtrace for more info)
   
   error: cannot find macro `concat` in this scope
      --> /home/brian/.cargo/registry/src/github.com-1ecc6299db9ec823/serde-1.0.160/src/de/impls.rs:99:45
       |
   99  |                           formatter.write_str(concat!("a nonzero ", stringify!($primitive)))
       |                                               ^^^^^^
   ...
   279 | / impl_deserialize_num! {
   280 | |     i8, NonZeroI8 cfg(not(no_num_nonzero_signed)), deserialize_i8
   281 | |     num_self!(i8:visit_i8);
   282 | |     int_to_int!(i16:visit_i16 i32:visit_i32 i64:visit_i64);
   283 | |     uint_to_self!(u8:visit_u8 u16:visit_u16 u32:visit_u32 u64:visit_u64);
   284 | | }
       | |_- in this macro invocation
       |
       = note: this error originates in the macro `impl_deserialize_num` (in Nightly builds, run with -Z macro-backtrace for more info)
   
   error: cannot find macro `stringify` in this scope
      --> /home/brian/.cargo/registry/src/github.com-1ecc6299db9ec823/serde-1.0.160/src/de/impls.rs:123:45
       |
   123 |                           formatter.write_str(stringify!($primitive))
       |                                               ^^^^^^^^^
   ...
   279 | / impl_deserialize_num! {
   280 | |     i8, NonZeroI8 cfg(not(no_num_nonzero_signed)), deserialize_i8
   281 | |     num_self!(i8:visit_i8);
   282 | |     int_to_int!(i16:visit_i16 i32:visit_i32 i64:visit_i64);
283 | |     uint_to_self!(u8:visit_u8 u16:visit_u16 u32:vis     283 | |     uint_to_self!(u8:visit_u8 u16:visit_u16 u32:visit_u32 u64:visit_u64);
   284 | | }
       | |_- in this macro invocation
       |
       = note: this error originates in the macro `impl_deserialize_num` (in Nightly builds, run with -Z macro-backtrace for more info)
   
   error: cannot find macro `unimplemented` in this scope
     --> /home/brian/.cargo/registry/src/github.com-1ecc6299db9ec823/serde-1.0.160/src/private/doc.rs:29:9
      |
   29 |         unimplemented!()
      |         ^^^^^^^^^^^^^
   
   error: cannot find macro `unimplemented` in this scope
     --> /home/brian/.cargo/registry/src/github.com-1ecc6299db9ec823/serde-1.0.160/src/private/doc.rs:23:9
      |
   23 |         unimplemented!()
      |         ^^^^^^^^^^^^^
   
   error: cannot find macro `unimplemented` in this scope
     --> /home/brian/.cargo/registry/src/github.com-1ecc6299db9ec823/serde-1.0.160/src/private/doc.rs:16:9
      |
   16 |         unimplemented!()
      |         ^^^^^^^^^^^^^
   
   error: cannot find attribute `derive` in this scope
    --> /home/brian/.cargo/registry/src/github.com-1ecc6299db9ec823/serde-1.0.160/src/private/doc.rs:8:3
     |
   8 | #[derive(Debug)]
     |   ^^^^^^
   
   error: cannot find macro `write` in this scope
       --> /home/brian/.cargo/registry/src/github.com-1ecc6299db9ec823/serde-1.0.160/src/private/de.rs:2539:13
        |
   2539 |             write!(
        |             ^^^^^
   
   error: cannot find macro `write` in this scope
       --> /home/brian/.cargo/registry/src/github.com-1ecc6299db9ec823/serde-1.0.160/src/private/de.rs:2494:13
        |
   2494 |             write!(
        |             ^^^^^
   
   error: cannot find macro `write` in this scope
      --> /home/brian/.cargo/registry/src/github.com-1ecc6299db9ec823/serde-1.0.160/src/private/de.rs:974:13
       |
   974 |             write!(
       |             ^^^^^
   
   error: cannot find macro `write` in this scope
      --> /home/brian/.cargo/registry/src/github.com-1ecc6299db9ec823/serde-1.0.160/src/private/de.rs:926:13
       |
   926 |             write!(formatter, "{:?} or {:?}", self.tag, self.content)
       |             ^^^^^
   
error: cannot find macro `write`      error: cannot find macro `write` in this scope
      --> /home/brian/.cargo/registry/src/github.com-1ecc6299db9ec823/serde-1.0.160/src/private/de.rs:544:13
       |
   544 |             write!(fmt, "a type tag `{}` or any other value", self.name)
       |             ^^^^^
   
   error: cannot find attribute `derive` in this scope
      --> /home/brian/.cargo/registry/src/github.com-1ecc6299db9ec823/serde-1.0.160/src/private/de.rs:219:7
       |
   219 |     #[derive(Debug, Clone)]
       |       ^^^^^^
   
   error: cannot find macro `write` in this scope
      --> /home/brian/.cargo/registry/src/github.com-1ecc6299db9ec823/serde-1.0.160/src/ser/impls.rs:677:13
       |
   677 |             write!(remaining, "{}", $value).unwrap();
       |             ^^^^^
   ...
   853 |             serialize_display_bounded_length!(self, MAX_LEN, serializer)
       |             ------------------------------------------------------------ in this macro invocation
       |
       = note: this error originates in the macro `serialize_display_bounded_length` (in Nightly builds, run with -Z macro-backtrace for more info)
   
   error: cannot find macro `debug_assert_eq` in this scope
      --> /home/brian/.cargo/registry/src/github.com-1ecc6299db9ec823/serde-1.0.160/src/ser/impls.rs:849:13
       |
   849 |             debug_assert_eq!(
       |             ^^^^^^^^^^^^^^^
   
   error: cannot find macro `write` in this scope
      --> /home/brian/.cargo/registry/src/github.com-1ecc6299db9ec823/serde-1.0.160/src/ser/impls.rs:677:13
       |
   677 |             write!(remaining, "{}", $value).unwrap();
       |             ^^^^^
   ...
   834 |             serialize_display_bounded_length!(self, MAX_LEN, serializer)
       |             ------------------------------------------------------------ in this macro invocation
       |
       = note: this error originates in the macro `serialize_display_bounded_length` (in Nightly builds, run with -Z macro-backtrace for more info)
   
   error: cannot find macro `debug_assert_eq` in this scope
    --> /home/brian/.cargo/registry/src/github.com-1ecc6299db9ec823/serde-1.0.160/src/ser/impls.        --> /home/brian/.cargo/registry/src/github.com-1ecc6299db9ec823/serde-1.0.160/src/ser/impls.rs:833:13
       |
   833 |             debug_assert_eq!(MAX_LEN, "101.102.103.104:65000".len());
       |             ^^^^^^^^^^^^^^^
   
   error: cannot find macro `write` in this scope
      --> /home/brian/.cargo/registry/src/github.com-1ecc6299db9ec823/serde-1.0.160/src/ser/impls.rs:677:13
       |
   677 |             write!(remaining, "{}", $value).unwrap();
       |             ^^^^^
   ...
   794 |             serialize_display_bounded_length!(self, MAX_LEN, serializer)
       |             ------------------------------------------------------------ in this macro invocation
       |
       = note: this error originates in the macro `serialize_display_bounded_length` (in Nightly builds, run with -Z macro-backtrace for more info)
   
   error: cannot find macro `debug_assert_eq` in this scope
      --> /home/brian/.cargo/registry/src/github.com-1ecc6299db9ec823/serde-1.0.160/src/ser/impls.rs:793:13
       |
   793 |             debug_assert_eq!(MAX_LEN, "1001:1002:1003:1004:1005:1006:1007:1008".len());
       |             ^^^^^^^^^^^^^^^
   
   error: cannot find macro `debug_assert_eq` in this scope
      --> /home/brian/.cargo/registry/src/github.com-1ecc6299db9ec823/serde-1.0.160/src/ser/impls.rs:769:13
       |
   769 |             debug_assert_eq!(MAX_LEN, "101.102.103.104".len());
       |             ^^^^^^^^^^^^^^^
   
   error: cannot find attribute `test` in this scope
      --> /home/brian/.cargo/registry/src/github.com-1ecc6299db9ec823/serde-1.0.160/src/ser/impls.rs:745:3
       |
   745 | #[test]
       |   ^^^^
   
   error: cannot find macro `assert_eq` in this scope
      --> /home/brian/.cargo/registry/src/github.com-1ecc6299db9ec823/serde-1.0.160/src/ser/impls.rs:752:9
       |
   752 |         assert_eq!(i.to_string().as_bytes(), &buf[..written]);
       |         ^^^^^^^^^
   
   error: cannot find macro `write` in this scope
       --> /home/brian/.cargo/registry/src/github.com-1ecc6299db9ec823/serde-1.0.160/src/de/mod.rs:2293:26
        |
   2293 |                     try!(write!(formatter, "`{}`", alt));
        |                          ^^^^^
   
error: cannot fin     error: cannot find macro `write` in this scope
       --> /home/brian/.cargo/registry/src/github.com-1ecc6299db9ec823/serde-1.0.160/src/de/mod.rs:2291:30
        |
   2291 |                         try!(write!(formatter, ", "));
        |                              ^^^^^
   
   error: cannot find macro `write` in this scope
       --> /home/brian/.cargo/registry/src/github.com-1ecc6299db9ec823/serde-1.0.160/src/de/mod.rs:2288:22
        |
   2288 |                 try!(write!(formatter, "one of "));
        |                      ^^^^^
   
   error: cannot find macro `write` in this scope
       --> /home/brian/.cargo/registry/src/github.com-1ecc6299db9ec823/serde-1.0.160/src/de/mod.rs:2286:18
        |
   2286 |             2 => write!(formatter, "`{}` or `{}`", self.names[0], self.names[1]),
        |                  ^^^^^
   
   error: cannot find macro `write` in this scope
       --> /home/brian/.cargo/registry/src/github.com-1ecc6299db9ec823/serde-1.0.160/src/de/mod.rs:2285:18
        |
   2285 |             1 => write!(formatter, "`{}`", self.names[0]),
        |                  ^^^^^
   
   error: cannot find macro `panic` in this scope
       --> /home/brian/.cargo/registry/src/github.com-1ecc6299db9ec823/serde-1.0.160/src/de/mod.rs:2284:18
        |
   2284 |             0 => panic!(), // special case elsewhere
        |                  ^^^^^
   
   error: cannot find macro `format_args` in this scope
       --> /home/brian/.cargo/registry/src/github.com-1ecc6299db9ec823/serde-1.0.160/src/de/mod.rs:1439:48
        |
   1439 |             fmt::Write::write_fmt(&mut writer, format_args!("integer `{}` as u128", v)).unwrap();
        |                                                ^^^^^^^^^^^
   
   error: cannot find macro `format_args` in this scope
       --> /home/brian/.cargo/registry/src/github.com-1ecc6299db9ec823/serde-1.0.160/src/de/mod.rs:1377:48
        |
   1377 |             fmt::Write::write_fmt(&mut writer, format_args!("integer `{}` as i128", v)).unwrap();
        |                                                ^^^^^^^^^^^
   
   error: cannot find macro `write` in this scope
          --> /home/brian/.cargo/registry/src/github.com-1ecc6299db9ec823/serde-1.0.160/src/de/mod.rs:416:30
       |
   416 |             StructVariant => write!(formatter, "struct variant"),
       |                              ^^^^^
   
   error: cannot find macro `write` in this scope
      --> /home/brian/.cargo/registry/src/github.com-1ecc6299db9ec823/serde-1.0.160/src/de/mod.rs:415:29
       |
   415 |             TupleVariant => write!(formatter, "tuple variant"),
       |                             ^^^^^
   
   error: cannot find macro `write` in this scope
      --> /home/brian/.cargo/registry/src/github.com-1ecc6299db9ec823/serde-1.0.160/src/de/mod.rs:414:31
       |
   414 |             NewtypeVariant => write!(formatter, "newtype variant"),
       |                               ^^^^^
   
   error: cannot find macro `write` in this scope
      --> /home/brian/.cargo/registry/src/github.com-1ecc6299db9ec823/serde-1.0.160/src/de/mod.rs:413:28
       |
   413 |             UnitVariant => write!(formatter, "unit variant"),
       |                            ^^^^^
   
   error: cannot find macro `write` in this scope
      --> /home/brian/.cargo/registry/src/github.com-1ecc6299db9ec823/serde-1.0.160/src/de/mod.rs:412:21
       |
   412 |             Enum => write!(formatter, "enum"),
       |                     ^^^^^
   
   error: cannot find macro `write` in this scope
      --> /home/brian/.cargo/registry/src/github.com-1ecc6299db9ec823/serde-1.0.160/src/de/mod.rs:411:20
       |
   411 |             Map => write!(formatter, "map"),
       |                    ^^^^^
   
   error: cannot find macro `write` in this scope
      --> /home/brian/.cargo/registry/src/github.com-1ecc6299db9ec823/serde-1.0.160/src/de/mod.rs:410:20
       |
   410 |             Seq => write!(formatter, "sequence"),
       |                    ^^^^^
   
   error: cannot find macro `write` in this scope
      --> /home/brian/.cargo/registry/src/github.com-1ecc6299db9ec823/serde-1.0.160/src/de/mod.rs:409:30
       |
   409 |             NewtypeStruct => write!(formatter, "newtype struct"),
     |                                 |                              ^^^^^
   
   error: cannot find macro `write` in this scope
      --> /home/brian/.cargo/registry/src/github.com-1ecc6299db9ec823/serde-1.0.160/src/de/mod.rs:408:23
       |
   408 |             Option => write!(formatter, "Option value"),
       |                       ^^^^^
   
   error: cannot find macro `write` in this scope
      --> /home/brian/.cargo/registry/src/github.com-1ecc6299db9ec823/serde-1.0.160/src/de/mod.rs:407:21
       |
   407 |             Unit => write!(formatter, "unit value"),
       |                     ^^^^^
   
   error: cannot find macro `write` in this scope
      --> /home/brian/.cargo/registry/src/github.com-1ecc6299db9ec823/serde-1.0.160/src/de/mod.rs:406:25
       |
   406 |             Bytes(_) => write!(formatter, "byte array"),
       |                         ^^^^^
   
   error: cannot find macro `write` in this scope
      --> /home/brian/.cargo/registry/src/github.com-1ecc6299db9ec823/serde-1.0.160/src/de/mod.rs:405:23
       |
   405 |             Str(s) => write!(formatter, "string {:?}", s),
       |                       ^^^^^
   
   error: cannot find macro `write` in this scope
      --> /home/brian/.cargo/registry/src/github.com-1ecc6299db9ec823/serde-1.0.160/src/de/mod.rs:404:24
       |
   404 |             Char(c) => write!(formatter, "character `{}`", c),
       |                        ^^^^^
   
   error: cannot find macro `write` in this scope
      --> /home/brian/.cargo/registry/src/github.com-1ecc6299db9ec823/serde-1.0.160/src/de/mod.rs:403:25
       |
   403 |             Float(f) => write!(formatter, "floating point `{}`", f),
       |                         ^^^^^
   
   error: cannot find macro `write` in this scope
      --> /home/brian/.cargo/registry/src/github.com-1ecc6299db9ec823/serde-1.0.160/src/de/mod.rs:402:26
       |
   402 |             Signed(i) => write!(formatter, "integer `{}`", i),
       |                          ^^^^^
   
   error: cannot find macro `write` in this scope
      --> /home/brian/.cargo/registry/src/github.com-1ecc6299db9ec823/serde-1.0.160/src/de/mod.rs:401:28
       |
401 |             Unsigned(i) =>      401 |             Unsigned(i) => write!(formatter, "integer `{}`", i),
       |                            ^^^^^
   
   error: cannot find macro `write` in this scope
      --> /home/brian/.cargo/registry/src/github.com-1ecc6299db9ec823/serde-1.0.160/src/de/mod.rs:400:24
       |
   400 |             Bool(b) => write!(formatter, "boolean `{}`", b),
       |                        ^^^^^
   
   error: cannot find attribute `derive` in this scope
     --> /home/brian/.cargo/registry/src/github.com-1ecc6299db9ec823/unicode-bidi-0.3.13/src/level.rs:33:3
      |
   33 | #[derive(Copy, Clone, Debug, Eq, Ord, PartialEq, PartialOrd)]
      |   ^^^^^^
   
   error: cannot find attribute `derive` in this scope
      --> /home/brian/.cargo/registry/src/github.com-1ecc6299db9ec823/serde-1.0.160/src/de/mod.rs:332:3
       |
   332 | #[derive(Copy, Clone, PartialEq, Debug)]
       |   ^^^^^^
   
   error: cannot find macro `format_args` in this scope
      --> /home/brian/.cargo/registry/src/github.com-1ecc6299db9ec823/serde-1.0.160/src/de/mod.rs:292:31
       |
   292 |                 Error::custom(format_args!("duplicate field `{}`", field))
       |                               ^^^^^^^^^^^
   ...
   299 | declare_error_trait!(Error: Sized + StdError);
       | --------------------------------------------- in this macro invocation
       |
       = note: this error originates in the macro `declare_error_trait` (in Nightly builds, run with -Z macro-backtrace for more info)
   
   error: cannot find macro `format_args` in this scope
      --> /home/brian/.cargo/registry/src/github.com-1ecc6299db9ec823/serde-1.0.160/src/de/mod.rs:285:31
       |
   285 |                 Error::custom(format_args!("missing field `{}`", field))
       |                               ^^^^^^^^^^^
   ...
   299 | declare_error_trait!(Error: Sized + StdError);
       | --------------------------------------------- in this macro invocation
       |
       = note: this error originates in the macro `declare_error_trait` (in Nightly builds, run with -Z macro-backtrace for more info)
   
   error: cannot find macro `format_args` in this scope
    --> /home/brian/.ca        --> /home/brian/.cargo/registry/src/github.com-1ecc6299db9ec823/serde-1.0.160/src/de/mod.rs:272:35
       |
   272 |                     Error::custom(format_args!(
       |                                   ^^^^^^^^^^^
   ...
   299 | declare_error_trait!(Error: Sized + StdError);
       | --------------------------------------------- in this macro invocation
       |
       = note: this error originates in the macro `declare_error_trait` (in Nightly builds, run with -Z macro-backtrace for more info)
   
   error: cannot find macro `format_args` in this scope
      --> /home/brian/.cargo/registry/src/github.com-1ecc6299db9ec823/serde-1.0.160/src/de/mod.rs:267:35
       |
   267 |                     Error::custom(format_args!(
       |                                   ^^^^^^^^^^^
   ...
   299 | declare_error_trait!(Error: Sized + StdError);
       | --------------------------------------------- in this macro invocation
       |
       = note: this error originates in the macro `declare_error_trait` (in Nightly builds, run with -Z macro-backtrace for more info)
   
   error: cannot find macro `format_args` in this scope
      --> /home/brian/.cargo/registry/src/github.com-1ecc6299db9ec823/serde-1.0.160/src/de/mod.rs:254:35
       |
   254 |                     Error::custom(format_args!(
       |                                   ^^^^^^^^^^^
   ...
   299 | declare_error_trait!(Error: Sized + StdError);
       | --------------------------------------------- in this macro invocation
       |
       = note: this error originates in the macro `declare_error_trait` (in Nightly builds, run with -Z macro-backtrace for more info)
   
   error: cannot find macro `format_args` in this scope
      --> /home/brian/.cargo/registry/src/github.com-1ecc6299db9ec823/serde-1.0.160/src/de/mod.rs:249:35
       |
   249 |                     Error::custom(format_args!(
       |                                   ^^^^^^^^^^^
   ...
   299 | declare_error_trait!(Error: Sized + StdError);
       | --------------------------------------------- in this macro invocation
       |
     = note: this error originates in the macro `         = note: this error originates in the macro `declare_error_trait` (in Nightly builds, run with -Z macro-backtrace for more info)
   
   error: cannot find macro `format_args` in this scope
      --> /home/brian/.cargo/registry/src/github.com-1ecc6299db9ec823/serde-1.0.160/src/de/mod.rs:241:31
       |
   241 |                 Error::custom(format_args!("invalid length {}, expected {}", len, exp))
       |                               ^^^^^^^^^^^
   ...
   299 | declare_error_trait!(Error: Sized + StdError);
       | --------------------------------------------- in this macro invocation
       |
       = note: this error originates in the macro `declare_error_trait` (in Nightly builds, run with -Z macro-backtrace for more info)
   
   error: cannot find macro `format_args` in this scope
      --> /home/brian/.cargo/registry/src/github.com-1ecc6299db9ec823/serde-1.0.160/src/de/mod.rs:227:31
       |
   227 |                 Error::custom(format_args!("invalid value: {}, expected {}", unexp, exp))
       |                               ^^^^^^^^^^^
   ...
   299 | declare_error_trait!(Error: Sized + StdError);
       | --------------------------------------------- in this macro invocation
       |
       = note: this error originates in the macro `declare_error_trait` (in Nightly builds, run with -Z macro-backtrace for more info)
   
   error: cannot find macro `format_args` in this scope
      --> /home/brian/.cargo/registry/src/github.com-1ecc6299db9ec823/serde-1.0.160/src/de/mod.rs:209:31
       |
   209 |                 Error::custom(format_args!("invalid type: {}, expected {}", unexp, exp))
       |                               ^^^^^^^^^^^
   ...
   299 | declare_error_trait!(Error: Sized + StdError);
       | --------------------------------------------- in this macro invocation
       |
       = note: this error originates in the macro `declare_error_trait` (in Nightly builds, run with -Z macro-backtrace for more info)
   
   error: cannot find attribute `derive` in this scope
      --> /home/brian/.cargo/registry/src/github.com-1ecc6299db9ec823/serde-1.0.160/src/de/ignored_any.rs:111:3
       |
111 | #[derive(Co     111 | #[derive(Copy, Clone, Debug, Default)]
       |   ^^^^^^
   
   error: cannot find attribute `derive` in this scope
       --> /home/brian/.cargo/registry/src/github.com-1ecc6299db9ec823/serde-1.0.160/src/de/value.rs:1514:3
        |
   1514 | #[derive(Clone, Debug)]
        |   ^^^^^^
   
   error: cannot find attribute `derive` in this scope
       --> /home/brian/.cargo/registry/src/github.com-1ecc6299db9ec823/serde-1.0.160/src/de/value.rs:1449:3
        |
   1449 | #[derive(Clone, Debug)]
        |   ^^^^^^
   
   error: cannot find macro `write` in this scope
       --> /home/brian/.cargo/registry/src/github.com-1ecc6299db9ec823/serde-1.0.160/src/de/value.rs:1410:13
        |
   1410 |             write!(formatter, "{} elements in map", self.0)
        |             ^^^^^
   
   error: cannot find macro `write` in this scope
       --> /home/brian/.cargo/registry/src/github.com-1ecc6299db9ec823/serde-1.0.160/src/de/value.rs:1408:13
        |
   1408 |             write!(formatter, "1 element in map")
        |             ^^^^^
   
   error: cannot find attribute `derive` in this scope
       --> /home/brian/.cargo/registry/src/github.com-1ecc6299db9ec823/serde-1.0.160/src/de/value.rs:1048:3
        |
   1048 | #[derive(Clone, Debug)]
        |   ^^^^^^
   
   error: cannot find macro `write` in this scope
      --> /home/brian/.cargo/registry/src/github.com-1ecc6299db9ec823/serde-1.0.160/src/de/value.rs:985:13
       |
   985 |             write!(formatter, "{} elements in sequence", self.0)
       |             ^^^^^
   
   error: cannot find macro `write` in this scope
      --> /home/brian/.cargo/registry/src/github.com-1ecc6299db9ec823/serde-1.0.160/src/de/value.rs:983:13
       |
   983 |             write!(formatter, "1 element in sequence")
       |             ^^^^^
   
   error: cannot find attribute `derive` in this scope
      --> /home/brian/.cargo/registry/src/github.com-1ecc6299db9ec823/serde-1.0.160/src/de/value.rs:885:3
       |
   885 | #[derive(Clone)]
       |   ^^^^^^
   
   error: cannot find macro `stringify` in this scope
    --> /home/brian/.cargo/registry/src/github.com-1ecc6299db9ec823/serde-1.0.        --> /home/brian/.cargo/registry/src/github.com-1ecc6299db9ec823/serde-1.0.160/src/de/value.rs:283:35
       |
   283 |                     .debug_struct(stringify!($name))
       |                                   ^^^^^^^^^
   ...
   307 |     primitive_deserializer!(u128, "a `u128`.", U128Deserializer, visit_u128);
       |     ------------------------------------------------------------------------ in this macro invocation
       |
       = note: this error originates in the macro `primitive_deserializer` (in Nightly builds, run with -Z macro-backtrace for more info)
   
   error: cannot find macro `stringify` in this scope
      --> /home/brian/.cargo/registry/src/github.com-1ecc6299db9ec823/serde-1.0.160/src/de/value.rs:283:35
       |
   283 |                     .debug_struct(stringify!($name))
       |                                   ^^^^^^^^^
   ...
   306 |     primitive_deserializer!(i128, "an `i128`.", I128Deserializer, visit_i128);
       |     ------------------------------------------------------------------------- in this macro invocation
       |
       = note: this error originates in the macro `primitive_deserializer` (in Nightly builds, run with -Z macro-backtrace for more info)
   
   error: cannot find macro `stringify` in this scope
      --> /home/brian/.cargo/registry/src/github.com-1ecc6299db9ec823/serde-1.0.160/src/de/value.rs:283:35
       |
   283 |                     .debug_struct(stringify!($name))
       |                                   ^^^^^^^^^
   ...
   303 | primitive_deserializer!(char, "a `char`.", CharDeserializer, visit_char);
       | ------------------------------------------------------------------------ in this macro invocation
       |
       = note: this error originates in the macro `primitive_deserializer` (in Nightly builds, run with -Z macro-backtrace for more info)
   
   error: cannot find macro `stringify` in this scope
      --> /home/brian/.cargo/registry/src/github.com-1ecc6299db9ec823/serde-1.0.160/src/de/value.rs:283:35
       |
   283 |                     .debug_struct(stringify!($name))
       |                                   ^^^^^^^^^
   ...
302 | primitive_deserializer!(f64, "     302 | primitive_deserializer!(f64, "an `f64`.", F64Deserializer, visit_f64);
       | --------------------------------------------------------------------- in this macro invocation
       |
       = note: this error originates in the macro `primitive_deserializer` (in Nightly builds, run with -Z macro-backtrace for more info)
   
   error: cannot find macro `stringify` in this scope
      --> /home/brian/.cargo/registry/src/github.com-1ecc6299db9ec823/serde-1.0.160/src/de/value.rs:283:35
       |
   283 |                     .debug_struct(stringify!($name))
       |                                   ^^^^^^^^^
   ...
   301 | primitive_deserializer!(f32, "an `f32`.", F32Deserializer, visit_f32);
       | --------------------------------------------------------------------- in this macro invocation
       |
       = note: this error originates in the macro `primitive_deserializer` (in Nightly builds, run with -Z macro-backtrace for more info)
   
   error: cannot find macro `stringify` in this scope
      --> /home/brian/.cargo/registry/src/github.com-1ecc6299db9ec823/serde-1.0.160/src/de/value.rs:283:35
       |
   283 |                     .debug_struct(stringify!($name))
       |                                   ^^^^^^^^^
   ...
   300 | primitive_deserializer!(usize, "a `usize`.", UsizeDeserializer, visit_u64 as u64);
       | --------------------------------------------------------------------------------- in this macro invocation
       |
       = note: this error originates in the macro `primitive_deserializer` (in Nightly builds, run with -Z macro-backtrace for more info)
   
   error: cannot find macro `stringify` in this scope
      --> /home/brian/.cargo/registry/src/github.com-1ecc6299db9ec823/serde-1.0.160/src/de/value.rs:283:35
       |
   283 |                     .debug_struct(stringify!($name))
       |                                   ^^^^^^^^^
   ...
   299 | primitive_deserializer!(u64, "a `u64`.", U64Deserializer, visit_u64);
       | -------------------------------------------------------------------- in this macro invocation
       |
     = note: this error originates in the macro `         = note: this error originates in the macro `primitive_deserializer` (in Nightly builds, run with -Z macro-backtrace for more info)
   
   error: cannot find macro `stringify` in this scope
      --> /home/brian/.cargo/registry/src/github.com-1ecc6299db9ec823/serde-1.0.160/src/de/value.rs:283:35
       |
   283 |                     .debug_struct(stringify!($name))
       |                                   ^^^^^^^^^
   ...
   298 | primitive_deserializer!(u16, "a `u16`.", U16Deserializer, visit_u16);
       | -------------------------------------------------------------------- in this macro invocation
       |
       = note: this error originates in the macro `primitive_deserializer` (in Nightly builds, run with -Z macro-backtrace for more info)
   
   error: cannot find macro `stringify` in this scope
      --> /home/brian/.cargo/registry/src/github.com-1ecc6299db9ec823/serde-1.0.160/src/de/value.rs:283:35
       |
   283 |                     .debug_struct(stringify!($name))
       |                                   ^^^^^^^^^
   ...
   297 | primitive_deserializer!(u8, "a `u8`.", U8Deserializer, visit_u8);
       | ---------------------------------------------------------------- in this macro invocation
       |
       = note: this error originates in the macro `primitive_deserializer` (in Nightly builds, run with -Z macro-backtrace for more info)
   
   error: cannot find macro `stringify` in this scope
      --> /home/brian/.cargo/registry/src/github.com-1ecc6299db9ec823/serde-1.0.160/src/de/value.rs:283:35
       |
   283 |                     .debug_struct(stringify!($name))
       |                                   ^^^^^^^^^
   ...
   296 | primitive_deserializer!(isize, "an `isize`.", IsizeDeserializer, visit_i64 as i64);
       | ---------------------------------------------------------------------------------- in this macro invocation
       |
       = note: this error originates in the macro `primitive_deserializer` (in Nightly builds, run with -Z macro-backtrace for more info)
   
   error: cannot find macro `stringify` in this scope
    --> /home/brian/.cargo/registry/src/github.com-1ecc6299db9ec82        --> /home/brian/.cargo/registry/src/github.com-1ecc6299db9ec823/serde-1.0.160/src/de/value.rs:283:35
       |
   283 |                     .debug_struct(stringify!($name))
       |                                   ^^^^^^^^^
   ...
   295 | primitive_deserializer!(i64, "an `i64`.", I64Deserializer, visit_i64);
       | --------------------------------------------------------------------- in this macro invocation
       |
       = note: this error originates in the macro `primitive_deserializer` (in Nightly builds, run with -Z macro-backtrace for more info)
   
   error: cannot find macro `stringify` in this scope
      --> /home/brian/.cargo/registry/src/github.com-1ecc6299db9ec823/serde-1.0.160/src/de/value.rs:283:35
       |
   283 |                     .debug_struct(stringify!($name))
       |                                   ^^^^^^^^^
   ...
   294 | primitive_deserializer!(i32, "an `i32`.", I32Deserializer, visit_i32);
       | --------------------------------------------------------------------- in this macro invocation
       |
       = note: this error originates in the macro `primitive_deserializer` (in Nightly builds, run with -Z macro-backtrace for more info)
   
   error: cannot find macro `stringify` in this scope
      --> /home/brian/.cargo/registry/src/github.com-1ecc6299db9ec823/serde-1.0.160/src/de/value.rs:283:35
       |
   283 |                     .debug_struct(stringify!($name))
       |                                   ^^^^^^^^^
   ...
   293 | primitive_deserializer!(i16, "an `i16`.", I16Deserializer, visit_i16);
       | --------------------------------------------------------------------- in this macro invocation
       |
       = note: this error originates in the macro `primitive_deserializer` (in Nightly builds, run with -Z macro-backtrace for more info)
   
   error: cannot find macro `stringify` in this scope
      --> /home/brian/.cargo/registry/src/github.com-1ecc6299db9ec823/serde-1.0.160/src/de/value.rs:283:35
       |
   283 |                     .debug_struct(stringify!($name))
       |                                   ^^^^^^^^^
   ...
292 | primitive_deserializer!(i8, "an `i8`.", I8Deserializer     292 | primitive_deserializer!(i8, "an `i8`.", I8Deserializer, visit_i8);
       | ----------------------------------------------------------------- in this macro invocation
       |
       = note: this error originates in the macro `primitive_deserializer` (in Nightly builds, run with -Z macro-backtrace for more info)
   
   error: cannot find macro `stringify` in this scope
      --> /home/brian/.cargo/registry/src/github.com-1ecc6299db9ec823/serde-1.0.160/src/de/value.rs:283:35
       |
   283 |                     .debug_struct(stringify!($name))
       |                                   ^^^^^^^^^
   ...
   291 | primitive_deserializer!(bool, "a `bool`.", BoolDeserializer, visit_bool);
       | ------------------------------------------------------------------------ in this macro invocation
       |
       = note: this error originates in the macro `primitive_deserializer` (in Nightly builds, run with -Z macro-backtrace for more info)
   
   error: cannot find attribute `derive` in this scope
     --> /home/brian/.cargo/registry/src/github.com-1ecc6299db9ec823/serde-1.0.160/src/de/value.rs:51:3
      |
   51 | #[derive(Clone, PartialEq)]
      |   ^^^^^^
   
     error: cannot find attribute `derive` in this scope
     --> /home/brian/.cargo/registry/src/github.com-1ecc6299db9ec823/unicode-bidi-0.3.13/src/level.rs:48:3
      |
   48 | #[derive(Debug, PartialEq)]
      |   ^^^^^^
   
   error: cannot find macro `debug_assert_eq` in this scope
      --> /home/brian/.cargo/registry/src/github.com-1ecc6299db9ec823/unicode-bidi-0.3.13/src/level.rs:205:9
       |
   205 |         debug_assert_eq!(core::mem::size_of::<u8>(), core::mem::size_of::<Level>());
       |         ^^^^^^^^^^^^^^^
   
     error: cannot find attribute `derive` in this scope
     --> /home/brian/.cargo/registry/src/github.com-1ecc6299db9ec823/unicode-bidi-0.3.13/src/char_data/tables.rs:11:3
      |
   11 | #[derive(Clone, Copy, Debug, PartialEq, Eq)]
      |   ^^^^^^
   
     error: cannot find macro `assert_eq` in this scope
     --> /home/brian/.cargo/registry/src/github.com-1ecc6299db9ec823/unicode-bidi-0.3.13/src/explicit.rs:34:5
      |
   34 |     assert_eq!(text.len(), original_classes.len());
      |     ^^^^^^^^^
   
     error: cannot find attribute `derive` in this scope
      --> /home/brian/.cargo/registry/src/github.com-1ecc6299db9ec823/unicode-bidi-0.3.13/src/explicit.rs:183:3
       |
   183 | #[derive(PartialEq)]
       |   ^^^^^^
   
     error: cannot find macro `debug_assert` in this scope
      --> /home/brian/.cargo/registry/src/github.com-1ecc6299db9ec823/unicode-bidi-0.3.13/src/implicit.rs:278:9
       |
   278 |         debug_assert!(
       |         ^^^^^^^^^^^^
   
     error: cannot find macro `debug_assert` in this scope
      --> /home/brian/.cargo/registry/src/github.com-1ecc6299db9ec823/unicode-bidi-0.3.13/src/implicit.rs:283:9
       |
   283 |         debug_assert!(
       |         ^^^^^^^^^^^^
   
     error: cannot find macro `debug_assert` in this scope
      --> /home/brian/.cargo/registry/src/github.com-1ecc6299db9ec823/unicode-bidi-0.3.13/src/implicit.rs:299:17
       |
   299 |                 debug_assert!(
       |                 ^^^^^^^^^^^^
   
     error: cannot find macro `vec` in this scope
      --> /home/brian/.cargo/registry/src/github.com-1ecc6299db9ec823/unicode-bidi-0.3.13/src/implicit.rs:486:19
       |
   486 |     let mut ret = vec![];
       |                   ^^^
   
     error: cannot find macro `vec` in this scope
      --> /home/brian/.cargo/registry/src/github.com-1ecc6299db9ec823/unicode-bidi-0.3.13/src/implicit.rs:487:21
       |
   487 |     let mut stack = vec![];
       |                     ^^^
   
     error: cannot find macro `assert_eq` in this scope
      --> /home/brian/.cargo/registry/src/github.com-1ecc6299db9ec823/unicode-bidi-0.3.13/src/implicit.rs:571:5
       |
   571 |     assert_eq!(original_classes.len(), levels.len());
       |     ^^^^^^^^^
   
     error: cannot find attribute `derive` in this scope
     --> /home/brian/.cargo/registry/src/github.com-1ecc6299db9ec823/unicode-bidi-0.3.13/src/prepare.rs:27:3
      |
   27 | #[derive(Debug, PartialEq)]
      |   ^^^^^^
   
     error: cannot find macro `vec` in this scope
     --> /home/brian/.cargo/registry/src/github.com-1ecc6299db9ec823/unicode-bidi-0.3.13/src/prepare.rs:55:21
      |
   55 |     let mut stack = vec![Vec::new()];
      |                     ^^^
   
     error: cannot find macro `assert` in this scope
     --> /home/brian/.cargo/registry/src/github.com-1ecc6299db9ec823/unicode-bidi-0.3.13/src/prepare.rs:58:9
      |
   58 |         assert!(run.len() > 0);
      |         ^^^^^^
   
     error: cannot find macro `assert` in this scope
     --> /home/brian/.cargo/registry/src/github.com-1ecc6299db9ec823/unicode-bidi-0.3.13/src/prepare.rs:59:9
      |
   59 |         assert!(!stack.is_empty());
      |         ^^^^^^
   
     error: cannot find macro `assert` in this scope
     --> /home/brian/.cargo/registry/src/github.com-1ecc6299db9ec823/unicode-bidi-0.3.13/src/prepare.rs:90:13
      |
   90 |             assert!(!sequence.is_empty());
      |             ^^^^^^
   
     error: cannot find macro `debug_assert` in this scope
      --> /home/brian/.cargo/registry/src/github.com-1ecc6299db9ec823/unicode-bidi-0.3.13/src/prepare.rs:191:9
       |
   191 |         debug_assert!(runs[0].start <= pos && pos <= runs[0].end);
       |         ^^^^^^^^^^^^
   
     error: cannot find macro `debug_assert` in this scope
      --> /home/brian/.cargo/registry/src/github.com-1ecc6299db9ec823/unicode-bidi-0.3.13/src/prepare.rs:210:9
       |
   210 |         debug_assert!(current.start <= pos && pos <= current.end);
       |         ^^^^^^^^^^^^
   
     error: cannot find macro `assert_eq` in this scope
      --> /home/brian/.cargo/registry/src/github.com-1ecc6299db9ec823/unicode-bidi-0.3.13/src/prepare.rs:222:5
       |
   222 |     assert_eq!(levels.len(), original_classes.len());
       |     ^^^^^^^^^
   
     error: cannot find attribute `derive` in this scope
      --> /home/brian/.cargo/registry/src/github.com-1ecc6299db9ec823/unicode-bidi-0.3.13/src/lib.rs:103:3
       |
   103 | #[derive(PartialEq, Debug)]
       |   ^^^^^^
   
     error: cannot find attribute `derive` in this scope
      --> /home/brian/.cargo/registry/src/github.com-1ecc6299db9ec823/unicode-bidi-0.3.13/src/lib.rs:111:3
       |
   111 | #[derive(Debug, PartialEq)]
       |   ^^^^^^
   
     error: cannot find attribute `derive` in this scope
      --> /home/brian/.cargo/registry/src/github.com-1ecc6299db9ec823/unicode-bidi-0.3.13/src/lib.rs:134:3
       |
   134 | #[derive(PartialEq, Debug)]
       |   ^^^^^^
   
     error: cannot find macro `assert_eq` in this scope
      --> /home/brian/.cargo/registry/src/github.com-1ecc6299db9ec823/unicode-bidi-0.3.13/src/lib.rs:261:9
       |
   261 |         assert_eq!(original_classes.len(), text.len());
       |         ^^^^^^^^^
   
     error: cannot find attribute `derive` in this scope
      --> /home/brian/.cargo/registry/src/github.com-1ecc6299db9ec823/unicode-bidi-0.3.13/src/lib.rs:280:3
       |
   280 | #[derive(Debug, PartialEq)]
       |   ^^^^^^
   
     error: cannot find macro `vec` in this scope
      --> /home/brian/.cargo/registry/src/github.com-1ecc6299db9ec823/unicode-bidi-0.3.13/src/lib.rs:490:20
       |
   490 |             return vec![];
       |                    ^^^
   
     error: cannot find macro `assert` in this scope
      --> /home/brian/.cargo/registry/src/github.com-1ecc6299db9ec823/unicode-bidi-0.3.13/src/lib.rs:546:9
       |
   546 |         assert!(line.start <= self.levels.len());
       |         ^^^^^^
   
     error: cannot find macro `assert` in this scope
      --> /home/brian/.cargo/registry/src/github.com-1ecc6299db9ec823/unicode-bidi-0.3.13/src/lib.rs:547:9
       |
   547 |         assert!(line.end <= self.levels.len());
       |         ^^^^^^
   
     error: cannot find macro `assert_eq` in this scope
      --> /home/brian/.cargo/registry/src/github.com-1ecc6299db9ec823/unicode-bidi-0.3.13/src/lib.rs:563:21
       |
   563 |                     assert_eq!(reset_to, None);
       |                     ^^^^^^^^^
   
     error: cannot find attribute `derive` in this scope
      --> /home/brian/.cargo/registry/src/github.com-1ecc6299db9ec823/unicode-bidi-0.3.13/src/lib.rs:679:3
       |
   679 | #[derive(Debug)]
       |   ^^^^^^
   
     error[E0433]: failed to resolve: use of undeclared type `IntoIterator`
       --> /home/brian/.cargo/registry/src/github.com-1ecc6299db9ec823/serde-1.0.160/src/de/value.rs:1011:50
        |
   1011 |     type Deserializer = SeqDeserializer<<Self as IntoIterator>::IntoIter, E>;
        |                                                  ^^^^^^^^^^^^ use of undeclared type `IntoIterator`
   
     error[E0433]: failed to resolve: use of undeclared type `IntoIterator`
       --> /home/brian/.cargo/registry/src/github.com-1ecc6299db9ec823/serde-1.0.160/src/de/value.rs:1024:50
        |
   1024 |     type Deserializer = SeqDeserializer<<Self as IntoIterator>::IntoIter, E>;
        |                                                  ^^^^^^^^^^^^ use of undeclared type `IntoIterator`
   
     error[E0433]: failed to resolve: use of undeclared type `IntoIterator`
       --> /home/brian/.cargo/registry/src/github.com-1ecc6299db9ec823/serde-1.0.160/src/de/value.rs:1038:50
        |
   1038 |     type Deserializer = SeqDeserializer<<Self as IntoIterator>::IntoIter, E>;
        |                                                  ^^^^^^^^^^^^ use of undeclared type `IntoIterator`
   
     error[E0433]: failed to resolve: use of undeclared type `IntoIterator`
       --> /home/brian/.cargo/registry/src/github.com-1ecc6299db9ec823/serde-1.0.160/src/de/value.rs:1424:55
        |
   1424 |     type Deserializer = MapDeserializer<'de, <Self as IntoIterator>::IntoIter, E>;
        |                                                       ^^^^^^^^^^^^ use of undeclared type `IntoIterator`
   
     error[E0433]: failed to resolve: use of undeclared type `IntoIterator`
       --> /home/brian/.cargo/registry/src/github.com-1ecc6299db9ec823/serde-1.0.160/src/de/value.rs:1439:55
        |
   1439 |     type Deserializer = MapDeserializer<'de, <Self as IntoIterator>::IntoIter, E>;
        |                                                       ^^^^^^^^^^^^ use of undeclared type `IntoIterator`
   
     error[E0408]: variable `None` is not bound in all patterns
      --> /home/brian/.cargo/registry/src/github.com-1ecc6299db9ec823/unicode-bidi-0.3.13/src/explicit.rs:116:31
       |
   115 |   ...                   None
       |                         ---- variable not in all patterns
   116 |   ...                   | Some(Status {
       |  _________________________^
   117 | | ...                       status: OverrideStatus::Isolate,
   118 | | ...                       ..
   119 | | ...                   }) => break,
       | |________________________^ pattern doesn't bind `None`
       |
   help: if you meant to match on a variant or a `const` item, consider making the path in the pattern qualified: `path::to::ModOrType::None`
      --> /home/brian/.cargo/registry/src/github.com-1ecc6299db9ec823/unicode-bidi-0.3.13/src/explicit.rs:115:29
       |
   115 | ...                   None
       |                       ^^^^
   
     error[E0433]: failed to resolve: use of undeclared type `Clone`
      --> /home/brian/.cargo/registry/src/github.com-1ecc6299db9ec823/unicode-bidi-0.3.13/src/implicit.rs:410:53
       |
   410 |     let mut indices = sequence.runs.iter().flat_map(Clone::clone);
       |                                                     ^^^^^ use of undeclared type `Clone`
   
     error[E0433]: failed to resolve: use of undeclared type `Clone`
      --> /home/brian/.cargo/registry/src/github.com-1ecc6299db9ec823/unicode-bidi-0.3.13/src/prepare.rs:193:60
       |
   193 |         (pos..runs[0].end).chain(runs[1..].iter().flat_map(Clone::clone))
       |                                                            ^^^^^ use of undeclared type `Clone`
   
     error[E0433]: failed to resolve: use of undeclared type `Clone`
      --> /home/brian/.cargo/registry/src/github.com-1ecc6299db9ec823/unicode-bidi-0.3.13/src/prepare.rs:214:52
       |
   214 |             .chain(prev_runs.iter().rev().flat_map(Clone::clone))
       |                                                    ^^^^^ use of undeclared type `Clone`
   
     error[E0412]: cannot find type `Option` in this scope
     --> /home/brian/.cargo/registry/src/github.com-1ecc6299db9ec823/unicode-bidi-0.3.13/src/data_source.rs:43:56
      |
   43 |     fn bidi_matched_opening_bracket(&self, c: char) -> Option<BidiMatchedOpeningBracket> {
      |                                                        ^^^^^^ not found in this scope
   
   error[E0412]: cannot find type `Result` in this scope
     --> /home/brian/.cargo/registry/src/github.com-1ecc6299db9ec823/unicode-bidi-0.3.13/src/level.rs:81:31
      |
   81 |     pub fn new(number: u8) -> Result<Level, Error> {
      |                               ^^^^^^ not found in this scope
   
   error[E0412]: cannot find type `Result` in this scope
     --> /home/brian/.cargo/registry/src/github.com-1ecc6299db9ec823/unicode-bidi-0.3.13/src/level.rs:91:40
      |
   91 |     pub fn new_explicit(number: u8) -> Result<Level, Error> {
      |                                        ^^^^^^ not found in this scope
   
   error[E0412]: cannot find type `Result` in this scope
      --> /home/brian/.cargo/registry/src/github.com-1ecc6299db9ec823/unicode-bidi-0.3.13/src/level.rs:123:44
       |
   123 |     pub fn raise(&mut self, amount: u8) -> Result<(), Error> {
       |                                            ^^^^^^ not found in this scope
   
   error[E0531]: cannot find tuple struct or tuple variant `Some` in this scope
      --> /home/brian/.cargo/registry/src/github.com-1ecc6299db9ec823/unicode-bidi-0.3.13/src/level.rs:125:13
       |
   125 |             Some(number) => {
       |             ^^^^ not found in this scope
   
     error[E0412]: cannot find type `Result` in this scope
      --> /home/brian/.cargo/registry/src/github.com-1ecc6299db9ec823/unicode-bidi-0.3.13/src/level.rs:139:53
       |
   139 |     pub fn raise_explicit(&mut self, amount: u8) -> Result<(), Error> {
       |                                                     ^^^^^^ not found in this scope
   
   error[E0531]: cannot find tuple struct or tuple variant `Some` in this scope
      --> /home/brian/.cargo/registry/src/github.com-1ecc6299db9ec823/unicode-bidi-0.3.13/src/level.rs:141:13
       |
   141 |             Some(number) => {
       |             ^^^^ not found in this scope
   
   error[E0412]: cannot find type `Result` in this scope
      --> /home/brian/.cargo/registry/src/github.com-1ecc6299db9ec823/unicode-bidi-0.3.13/src/level.rs:155:44
       |
   155 |     pub fn lower(&mut self, amount: u8) -> Result<(), Error> {
       |                                            ^^^^^^ not found in this scope
   
   error[E0531]: cannot find tuple struct or tuple variant `Some` in this scope
      --> /home/brian/.cargo/registry/src/github.com-1ecc6299db9ec823/unicode-bidi-0.3.13/src/level.rs:157:13
       |
   157 |             Some(number) => {
       |             ^^^^ not found in this scope
   
   error[E0412]: cannot find type `Result` in this scope
      --> /home/brian/.cargo/registry/src/github.com-1ecc6299db9ec823/unicode-bidi-0.3.13/src/level.rs:169:44
       |
   169 |     pub fn new_explicit_next_ltr(&self) -> Result<Level, Error> {
       |                                            ^^^^^^ not found in this scope
   
   error[E0412]: cannot find type `Result` in this scope
      --> /home/brian/.cargo/registry/src/github.com-1ecc6299db9ec823/unicode-bidi-0.3.13/src/level.rs:175:44
       |
   175 |     pub fn new_explicit_next_rtl(&self) -> Result<Level, Error> {
       |                                            ^^^^^^ not found in this scope
   
   error[E0412]: cannot find type `Result` in this scope
    --> /home/brian/.cargo/registry/src/github.com-1ecc6299db9ec823/unicode-bidi-0.3.13/src/level.rs:182:40        --> /home/brian/.cargo/registry/src/github.com-1ecc6299db9ec823/unicode-bidi-0.3.13/src/level.rs:182:40
       |
   182 |     pub fn new_lowest_ge_rtl(&self) -> Result<Level, Error> {
       |                                        ^^^^^^ not found in this scope
   
   error[E0405]: cannot find trait `PartialEq` in this scope
      --> /home/brian/.cargo/registry/src/github.com-1ecc6299db9ec823/unicode-bidi-0.3.13/src/level.rs:239:10
       |
   239 | impl<'a> PartialEq<&'a str> for Level {
       |          ^^^^^^^^^ not found in this scope
   
   error[E0405]: cannot find trait `PartialEq` in this scope
      --> /home/brian/.cargo/registry/src/github.com-1ecc6299db9ec823/unicode-bidi-0.3.13/src/level.rs:247:10
       |
   247 | impl<'a> PartialEq<String> for Level {
       |          ^^^^^^^^^ not found in this scope
   
   error[E0412]: cannot find type `Option` in this scope
      --> /home/brian/.cargo/registry/src/github.com-1ecc6299db9ec823/unicode-bidi-0.3.13/src/char_data/tables.rs:519:52
       |
   519 | pub const bidi_pairs_table: &'static [(char, char, Option<char>)] = &[
       |                                                    ^^^^^^ not found in this scope
   
   error[E0425]: cannot find value `None` in this scope
      --> /home/brian/.cargo/registry/src/github.com-1ecc6299db9ec823/unicode-bidi-0.3.13/src/char_data/tables.rs:520:26
       |
   520 |     ('\u{28}', '\u{29}', None), ('\u{5b}', '\u{5d}', None), ('\u{7b}', '\u{7d}', None), ('\u{f3a}',
       |                          ^^^^ not found in this scope
   
   error[E0425]: cannot find value `None` in this scope
      --> /home/brian/.cargo/registry/src/github.com-1ecc6299db9ec823/unicode-bidi-0.3.13/src/char_data/tables.rs:520:54
       |
   520 |     ('\u{28}', '\u{29}', None), ('\u{5b}', '\u{5d}', None), ('\u{7b}', '\u{7d}', None), ('\u{f3a}',
       |                                                      ^^^^ not found in this scope
   
   error[E0425]: cannot find value `None` in this scope
      --> /home/brian/.cargo/registry/src/github.com-1ecc6299db9ec823/unicode-bidi-0.3.13/src/char_data/tables.rs:520:82
       |
520 |     ('\u{28}', '\u{29}', None), ('\u{5b}', '\u{5d}', None), ('\u{7b}', '     520 |     ('\u{28}', '\u{29}', None), ('\u{5b}', '\u{5d}', None), ('\u{7b}', '\u{7d}', None), ('\u{f3a}',
       |                                                                                  ^^^^ not found in this scope
   
   error[E0425]: cannot find value `None` in this scope
      --> /home/brian/.cargo/registry/src/github.com-1ecc6299db9ec823/unicode-bidi-0.3.13/src/char_data/tables.rs:521:16
       |
   521 |     '\u{f3b}', None), ('\u{f3c}', '\u{f3d}', None), ('\u{169b}', '\u{169c}', None), ('\u{2045}',
       |                ^^^^ not found in this scope
   
   error[E0425]: cannot find value `None` in this scope
      --> /home/brian/.cargo/registry/src/github.com-1ecc6299db9ec823/unicode-bidi-0.3.13/src/char_data/tables.rs:521:46
       |
   521 |     '\u{f3b}', None), ('\u{f3c}', '\u{f3d}', None), ('\u{169b}', '\u{169c}', None), ('\u{2045}',
       |                                              ^^^^ not found in this scope
   
   error[E0425]: cannot find value `None` in this scope
      --> /home/brian/.cargo/registry/src/github.com-1ecc6299db9ec823/unicode-bidi-0.3.13/src/char_data/tables.rs:521:78
       |
   521 |     '\u{f3b}', None), ('\u{f3c}', '\u{f3d}', None), ('\u{169b}', '\u{169c}', None), ('\u{2045}',
       |                                                                              ^^^^ not found in this scope
   
   error[E0425]: cannot find value `None` in this scope
      --> /home/brian/.cargo/registry/src/github.com-1ecc6299db9ec823/unicode-bidi-0.3.13/src/char_data/tables.rs:522:17
       |
   522 |     '\u{2046}', None), ('\u{207d}', '\u{207e}', None), ('\u{208d}', '\u{208e}', None), ('\u{2308}',
       |                 ^^^^ not found in this scope
   
   error[E0425]: cannot find value `None` in this scope
      --> /home/brian/.cargo/registry/src/github.com-1ecc6299db9ec823/unicode-bidi-0.3.13/src/char_data/tables.rs:522:49
       |
   522 |     '\u{2046}', None), ('\u{207d}', '\u{207e}', None), ('\u{208d}', '\u{208e}', None), ('\u{2308}',
       |                                                 ^^^^ not found in this scope
   
   error[E0425]: cannot find value `None` in this scope
    --> /home/br        --> /home/brian/.cargo/registry/src/github.com-1ecc6299db9ec823/unicode-bidi-0.3.13/src/char_data/tables.rs:522:81
       |
   522 |     '\u{2046}', None), ('\u{207d}', '\u{207e}', None), ('\u{208d}', '\u{208e}', None), ('\u{2308}',
       |                                                                                 ^^^^ not found in this scope
   
   error[E0425]: cannot find value `None` in this scope
      --> /home/brian/.cargo/registry/src/github.com-1ecc6299db9ec823/unicode-bidi-0.3.13/src/char_data/tables.rs:523:17
       |
   523 |     '\u{2309}', None), ('\u{230a}', '\u{230b}', None), ('\u{2329}', '\u{232a}', Some('\u{3008}')),
       |                 ^^^^ not found in this scope
   
   error[E0425]: cannot find value `None` in this scope
      --> /home/brian/.cargo/registry/src/github.com-1ecc6299db9ec823/unicode-bidi-0.3.13/src/char_data/tables.rs:523:49
       |
   523 |     '\u{2309}', None), ('\u{230a}', '\u{230b}', None), ('\u{2329}', '\u{232a}', Some('\u{3008}')),
       |                                                 ^^^^ not found in this scope
   
   error[E0425]: cannot find value `None` in this scope
      --> /home/brian/.cargo/registry/src/github.com-1ecc6299db9ec823/unicode-bidi-0.3.13/src/char_data/tables.rs:524:30
       |
   524 |     ('\u{2768}', '\u{2769}', None), ('\u{276a}', '\u{276b}', None), ('\u{276c}', '\u{276d}', None),
       |                              ^^^^ not found in this scope
   
   error[E0425]: cannot find value `None` in this scope
      --> /home/brian/.cargo/registry/src/github.com-1ecc6299db9ec823/unicode-bidi-0.3.13/src/char_data/tables.rs:524:62
       |
   524 |     ('\u{2768}', '\u{2769}', None), ('\u{276a}', '\u{276b}', None), ('\u{276c}', '\u{276d}', None),
       |                                                              ^^^^ not found in this scope
   
   error[E0425]: cannot find value `None` in this scope
      --> /home/brian/.cargo/registry/src/github.com-1ecc6299db9ec823/unicode-bidi-0.3.13/src/char_data/tables.rs:524:94
       |
524 |     ('\u{2768}', '\u{2769}', None), ('\u{276a}', '\u{276b}     524 |     ('\u{2768}', '\u{2769}', None), ('\u{276a}', '\u{276b}', None), ('\u{276c}', '\u{276d}', None),
       |                                                                                              ^^^^ not found in this scope
   
   error[E0425]: cannot find value `None` in this scope
      --> /home/brian/.cargo/registry/src/github.com-1ecc6299db9ec823/unicode-bidi-0.3.13/src/char_data/tables.rs:525:30
       |
   525 |     ('\u{276e}', '\u{276f}', None), ('\u{2770}', '\u{2771}', None), ('\u{2772}', '\u{2773}', None),
       |                              ^^^^ not found in this scope
   
   error[E0425]: cannot find value `None` in this scope
      --> /home/brian/.cargo/registry/src/github.com-1ecc6299db9ec823/unicode-bidi-0.3.13/src/char_data/tables.rs:525:62
       |
   525 |     ('\u{276e}', '\u{276f}', None), ('\u{2770}', '\u{2771}', None), ('\u{2772}', '\u{2773}', None),
       |                                                              ^^^^ not found in this scope
   
   error[E0425]: cannot find value `None` in this scope
      --> /home/brian/.cargo/registry/src/github.com-1ecc6299db9ec823/unicode-bidi-0.3.13/src/char_data/tables.rs:525:94
       |
   525 |     ('\u{276e}', '\u{276f}', None), ('\u{2770}', '\u{2771}', None), ('\u{2772}', '\u{2773}', None),
       |                                                                                              ^^^^ not found in this scope
   
   error[E0425]: cannot find value `None` in this scope
      --> /home/brian/.cargo/registry/src/github.com-1ecc6299db9ec823/unicode-bidi-0.3.13/src/char_data/tables.rs:526:30
       |
   526 |     ('\u{2774}', '\u{2775}', None), ('\u{27c5}', '\u{27c6}', None), ('\u{27e6}', '\u{27e7}', None),
       |                              ^^^^ not found in this scope
   
   error[E0425]: cannot find value `None` in this scope
      --> /home/brian/.cargo/registry/src/github.com-1ecc6299db9ec823/unicode-bidi-0.3.13/src/char_data/tables.rs:526:62
       |
   526 |     ('\u{2774}', '\u{2775}', None), ('\u{27c5}', '\u{27c6}', None), ('\u{27e6}', '\u{27e7}', None),
     |                                                              |                                                              ^^^^ not found in this scope
   
   error[E0425]: cannot find value `None` in this scope
      --> /home/brian/.cargo/registry/src/github.com-1ecc6299db9ec823/unicode-bidi-0.3.13/src/char_data/tables.rs:526:94
       |
   526 |     ('\u{2774}', '\u{2775}', None), ('\u{27c5}', '\u{27c6}', None), ('\u{27e6}', '\u{27e7}', None),
       |                                                                                              ^^^^ not found in this scope
   
   error[E0425]: cannot find value `None` in this scope
      --> /home/brian/.cargo/registry/src/github.com-1ecc6299db9ec823/unicode-bidi-0.3.13/src/char_data/tables.rs:527:30
       |
   527 |     ('\u{27e8}', '\u{27e9}', None), ('\u{27ea}', '\u{27eb}', None), ('\u{27ec}', '\u{27ed}', None),
       |                              ^^^^ not found in this scope
   
   error[E0425]: cannot find value `None` in this scope
      --> /home/brian/.cargo/registry/src/github.com-1ecc6299db9ec823/unicode-bidi-0.3.13/src/char_data/tables.rs:527:62
       |
   527 |     ('\u{27e8}', '\u{27e9}', None), ('\u{27ea}', '\u{27eb}', None), ('\u{27ec}', '\u{27ed}', None),
       |                                                              ^^^^ not found in this scope
   
   error[E0425]: cannot find value `None` in this scope
      --> /home/brian/.cargo/registry/src/github.com-1ecc6299db9ec823/unicode-bidi-0.3.13/src/char_data/tables.rs:527:94
       |
   527 |     ('\u{27e8}', '\u{27e9}', None), ('\u{27ea}', '\u{27eb}', None), ('\u{27ec}', '\u{27ed}', None),
       |                                                                                              ^^^^ not found in this scope
   
   error[E0425]: cannot find value `None` in this scope
      --> /home/brian/.cargo/registry/src/github.com-1ecc6299db9ec823/unicode-bidi-0.3.13/src/char_data/tables.rs:528:30
       |
   528 |     ('\u{27ee}', '\u{27ef}', None), ('\u{2983}', '\u{2984}', None), ('\u{2985}', '\u{2986}', None),
       |                              ^^^^ not found in this scope
   
   error[E0425]: cannot find value `None` in this scope
    --> /        --> /home/brian/.cargo/registry/src/github.com-1ecc6299db9ec823/unicode-bidi-0.3.13/src/char_data/tables.rs:528:62
       |
   528 |     ('\u{27ee}', '\u{27ef}', None), ('\u{2983}', '\u{2984}', None), ('\u{2985}', '\u{2986}', None),
       |                                                              ^^^^ not found in this scope
   
   error[E0425]: cannot find value `None` in this scope
      --> /home/brian/.cargo/registry/src/github.com-1ecc6299db9ec823/unicode-bidi-0.3.13/src/char_data/tables.rs:528:94
       |
   528 |     ('\u{27ee}', '\u{27ef}', None), ('\u{2983}', '\u{2984}', None), ('\u{2985}', '\u{2986}', None),
       |                                                                                              ^^^^ not found in this scope
   
   error[E0425]: cannot find value `None` in this scope
      --> /home/brian/.cargo/registry/src/github.com-1ecc6299db9ec823/unicode-bidi-0.3.13/src/char_data/tables.rs:529:30
       |
   529 |     ('\u{2987}', '\u{2988}', None), ('\u{2989}', '\u{298a}', None), ('\u{298b}', '\u{298c}', None),
       |                              ^^^^ not found in this scope
   
   error[E0425]: cannot find value `None` in this scope
      --> /home/brian/.cargo/registry/src/github.com-1ecc6299db9ec823/unicode-bidi-0.3.13/src/char_data/tables.rs:529:62
       |
   529 |     ('\u{2987}', '\u{2988}', None), ('\u{2989}', '\u{298a}', None), ('\u{298b}', '\u{298c}', None),
       |                                                              ^^^^ not found in this scope
   
   error[E0425]: cannot find value `None` in this scope
      --> /home/brian/.cargo/registry/src/github.com-1ecc6299db9ec823/unicode-bidi-0.3.13/src/char_data/tables.rs:529:94
       |
   529 |     ('\u{2987}', '\u{2988}', None), ('\u{2989}', '\u{298a}', None), ('\u{298b}', '\u{298c}', None),
       |                                                                                              ^^^^ not found in this scope
   
   error[E0425]: cannot find value `None` in this scope
    --> /home/brian/.cargo/registry/src/github.com-1ecc6299db9ec823/unicode-b        --> /home/brian/.cargo/registry/src/github.com-1ecc6299db9ec823/unicode-bidi-0.3.13/src/char_data/tables.rs:530:30
       |
   530 |     ('\u{298d}', '\u{2990}', None), ('\u{298f}', '\u{298e}', None), ('\u{2991}', '\u{2992}', None),
       |                              ^^^^ not found in this scope
   
     error[E0425]: cannot find value `None` in this scope
      --> /home/brian/.cargo/registry/src/github.com-1ecc6299db9ec823/unicode-bidi-0.3.13/src/char_data/tables.rs:530:62
       |
   530 |     ('\u{298d}', '\u{2990}', None), ('\u{298f}', '\u{298e}', None), ('\u{2991}', '\u{2992}', None),
       |                                                              ^^^^ not found in this scope
   
   error[E0425]: cannot find value `None` in this scope
      --> /home/brian/.cargo/registry/src/github.com-1ecc6299db9ec823/unicode-bidi-0.3.13/src/char_data/tables.rs:530:94
       |
   530 |     ('\u{298d}', '\u{2990}', None), ('\u{298f}', '\u{298e}', None), ('\u{2991}', '\u{2992}', None),
       |                                                                                              ^^^^ not found in this scope
   
   error[E0425]: cannot find value `None` in this scope
      --> /home/brian/.cargo/registry/src/github.com-1ecc6299db9ec823/unicode-bidi-0.3.13/src/char_data/tables.rs:531:30
       |
   531 |     ('\u{2993}', '\u{2994}', None), ('\u{2995}', '\u{2996}', None), ('\u{2997}', '\u{2998}', None),
       |                              ^^^^ not found in this scope
   
   error[E0425]: cannot find value `None` in this scope
      --> /home/brian/.cargo/registry/src/github.com-1ecc6299db9ec823/unicode-bidi-0.3.13/src/char_data/tables.rs:531:62
       |
   531 |     ('\u{2993}', '\u{2994}', None), ('\u{2995}', '\u{2996}', None), ('\u{2997}', '\u{2998}', None),
       |                                                              ^^^^ not found in this scope
   
   error[E0425]: cannot find value `None` in this scope
      --> /home/brian/.cargo/registry/src/github.com-1ecc6299db9ec823/unicode-bidi-0.3.13/src/char_data/tables.rs:531:94
       |
   531 |     ('\u{2993}', '\u{2994}', None), ('\u{2995}', '\u{2996}', None), ('\u{2997}', '\u{2998}', None),
       |                                                                                              ^^^^ not found in this scope
   
   error[E0425]: cannot find value `None` in this scope
    --> /home/br        --> /home/brian/.cargo/registry/src/github.com-1ecc6299db9ec823/unicode-bidi-0.3.13/src/char_data/tables.rs:532:30
       |
   532 |     ('\u{29d8}', '\u{29d9}', None), ('\u{29da}', '\u{29db}', None), ('\u{29fc}', '\u{29fd}', None),
       |                              ^^^^ not found in this scope
   
   error[E0425]: cannot find value `None` in this scope
      --> /home/brian/.cargo/registry/src/github.com-1ecc6299db9ec823/unicode-bidi-0.3.13/src/char_data/tables.rs:532:62
       |
   532 |     ('\u{29d8}', '\u{29d9}', None), ('\u{29da}', '\u{29db}', None), ('\u{29fc}', '\u{29fd}', None),
       |                                                              ^^^^ not found in this scope
   
   error[E0425]: cannot find value `None` in this scope
      --> /home/brian/.cargo/registry/src/github.com-1ecc6299db9ec823/unicode-bidi-0.3.13/src/char_data/tables.rs:532:94
       |
   532 |     ('\u{29d8}', '\u{29d9}', None), ('\u{29da}', '\u{29db}', None), ('\u{29fc}', '\u{29fd}', None),
       |                                                                                              ^^^^ not found in this scope
   
   error[E0425]: cannot find value `None` in this scope
      --> /home/brian/.cargo/registry/src/github.com-1ecc6299db9ec823/unicode-bidi-0.3.13/src/char_data/tables.rs:533:30
       |
   533 |     ('\u{2e22}', '\u{2e23}', None), ('\u{2e24}', '\u{2e25}', None), ('\u{2e26}', '\u{2e27}', None),
       |                              ^^^^ not found in this scope
   
   error[E0425]: cannot find value `None` in this scope
      --> /home/brian/.cargo/registry/src/github.com-1ecc6299db9ec823/unicode-bidi-0.3.13/src/char_data/tables.rs:533:62
       |
   533 |     ('\u{2e22}', '\u{2e23}', None), ('\u{2e24}', '\u{2e25}', None), ('\u{2e26}', '\u{2e27}', None),
       |                                                              ^^^^ not found in this scope
   
   error[E0425]: cannot find value `None` in this scope
      --> /home/brian/.cargo/registry/src/github.com-1ecc6299db9ec823/unicode-bidi-0.3.13/src/char_data/tables.rs:533:94
       |
533 |     ('\u{2e22}',      533 |     ('\u{2e22}', '\u{2e23}', None), ('\u{2e24}', '\u{2e25}', None), ('\u{2e26}', '\u{2e27}', None),
       |                                                                                              ^^^^ not found in this scope
   
   error[E0425]: cannot find value `None` in this scope
      --> /home/brian/.cargo/registry/src/github.com-1ecc6299db9ec823/unicode-bidi-0.3.13/src/char_data/tables.rs:534:30
       |
   534 |     ('\u{2e28}', '\u{2e29}', None), ('\u{2e55}', '\u{2e56}', None), ('\u{2e57}', '\u{2e58}', None),
       |                              ^^^^ not found in this scope
   
   error[E0425]: cannot find value `None` in this scope
      --> /home/brian/.cargo/registry/src/github.com-1ecc6299db9ec823/unicode-bidi-0.3.13/src/char_data/tables.rs:534:62
       |
   534 |     ('\u{2e28}', '\u{2e29}', None), ('\u{2e55}', '\u{2e56}', None), ('\u{2e57}', '\u{2e58}', None),
       |                                                              ^^^^ not found in this scope
   
   error[E0425]: cannot find value `None` in this scope
      --> /home/brian/.cargo/registry/src/github.com-1ecc6299db9ec823/unicode-bidi-0.3.13/src/char_data/tables.rs:534:94
       |
   534 |     ('\u{2e28}', '\u{2e29}', None), ('\u{2e55}', '\u{2e56}', None), ('\u{2e57}', '\u{2e58}', None),
       |                                                                                              ^^^^ not found in this scope
   
   error[E0425]: cannot find value `None` in this scope
      --> /home/brian/.cargo/registry/src/github.com-1ecc6299db9ec823/unicode-bidi-0.3.13/src/char_data/tables.rs:535:30
       |
   535 |     ('\u{2e59}', '\u{2e5a}', None), ('\u{2e5b}', '\u{2e5c}', None), ('\u{3008}', '\u{3009}', None),
       |                              ^^^^ not found in this scope
   
   error[E0425]: cannot find value `None` in this scope
      --> /home/brian/.cargo/registry/src/github.com-1ecc6299db9ec823/unicode-bidi-0.3.13/src/char_data/tables.rs:535:62
       |
   535 |     ('\u{2e59}', '\u{2e5a}', None), ('\u{2e5b}', '\u{2e5c}', None), ('\u{3008}', '\u{3009}', None),
     |                     |                                                              ^^^^ not found in this scope
   
   error[E0425]: cannot find value `None` in this scope
      --> /home/brian/.cargo/registry/src/github.com-1ecc6299db9ec823/unicode-bidi-0.3.13/src/char_data/tables.rs:535:94
       |
   535 |     ('\u{2e59}', '\u{2e5a}', None), ('\u{2e5b}', '\u{2e5c}', None), ('\u{3008}', '\u{3009}', None),
       |                                                                                              ^^^^ not found in this scope
   
   error[E0425]: cannot find value `None` in this scope
      --> /home/brian/.cargo/registry/src/github.com-1ecc6299db9ec823/unicode-bidi-0.3.13/src/char_data/tables.rs:536:30
       |
   536 |     ('\u{300a}', '\u{300b}', None), ('\u{300c}', '\u{300d}', None), ('\u{300e}', '\u{300f}', None),
       |                              ^^^^ not found in this scope
   
   error[E0425]: cannot find value `None` in this scope
      --> /home/brian/.cargo/registry/src/github.com-1ecc6299db9ec823/unicode-bidi-0.3.13/src/char_data/tables.rs:536:62
       |
   536 |     ('\u{300a}', '\u{300b}', None), ('\u{300c}', '\u{300d}', None), ('\u{300e}', '\u{300f}', None),
       |                                                              ^^^^ not found in this scope
   
   error[E0425]: cannot find value `None` in this scope
      --> /home/brian/.cargo/registry/src/github.com-1ecc6299db9ec823/unicode-bidi-0.3.13/src/char_data/tables.rs:536:94
       |
   536 |     ('\u{300a}', '\u{300b}', None), ('\u{300c}', '\u{300d}', None), ('\u{300e}', '\u{300f}', None),
       |                                                                                              ^^^^ not found in this scope
   
   error[E0425]: cannot find value `None` in this scope
      --> /home/brian/.cargo/registry/src/github.com-1ecc6299db9ec823/unicode-bidi-0.3.13/src/char_data/tables.rs:537:30
       |
   537 |     ('\u{3010}', '\u{3011}', None), ('\u{3014}', '\u{3015}', None), ('\u{3016}', '\u{3017}', None),
       |                              ^^^^ not found in this scope
   
error[E0425]: cannot     error[E0425]: cannot find value `None` in this scope
      --> /home/brian/.cargo/registry/src/github.com-1ecc6299db9ec823/unicode-bidi-0.3.13/src/char_data/tables.rs:537:62
       |
   537 |     ('\u{3010}', '\u{3011}', None), ('\u{3014}', '\u{3015}', None), ('\u{3016}', '\u{3017}', None),
       |                                                              ^^^^ not found in this scope
   
   error[E0425]: cannot find value `None` in this scope
      --> /home/brian/.cargo/registry/src/github.com-1ecc6299db9ec823/unicode-bidi-0.3.13/src/char_data/tables.rs:537:94
       |
   537 |     ('\u{3010}', '\u{3011}', None), ('\u{3014}', '\u{3015}', None), ('\u{3016}', '\u{3017}', None),
       |                                                                                              ^^^^ not found in this scope
   
   error[E0425]: cannot find value `None` in this scope
      --> /home/brian/.cargo/registry/src/github.com-1ecc6299db9ec823/unicode-bidi-0.3.13/src/char_data/tables.rs:538:30
       |
   538 |     ('\u{3018}', '\u{3019}', None), ('\u{301a}', '\u{301b}', None), ('\u{fe59}', '\u{fe5a}', None),
       |                              ^^^^ not found in this scope
   
   error[E0425]: cannot find value `None` in this scope
      --> /home/brian/.cargo/registry/src/github.com-1ecc6299db9ec823/unicode-bidi-0.3.13/src/char_data/tables.rs:538:62
       |
   538 |     ('\u{3018}', '\u{3019}', None), ('\u{301a}', '\u{301b}', None), ('\u{fe59}', '\u{fe5a}', None),
       |                                                              ^^^^ not found in this scope
   
   error[E0425]: cannot find value `None` in this scope
      --> /home/brian/.cargo/registry/src/github.com-1ecc6299db9ec823/unicode-bidi-0.3.13/src/char_data/tables.rs:538:94
       |
   538 |     ('\u{3018}', '\u{3019}', None), ('\u{301a}', '\u{301b}', None), ('\u{fe59}', '\u{fe5a}', None),
       |                                                                                              ^^^^ not found in this scope
   
   error[E0425]: cannot find value `None` in this scope
    --> /home/brian/.cargo/registry/        --> /home/brian/.cargo/registry/src/github.com-1ecc6299db9ec823/unicode-bidi-0.3.13/src/char_data/tables.rs:539:30
       |
   539 |     ('\u{fe5b}', '\u{fe5c}', None), ('\u{fe5d}', '\u{fe5e}', None), ('\u{ff08}', '\u{ff09}', None),
       |                              ^^^^ not found in this scope
   
   error[E0425]: cannot find value `None` in this scope
      --> /home/brian/.cargo/registry/src/github.com-1ecc6299db9ec823/unicode-bidi-0.3.13/src/char_data/tables.rs:539:62
       |
   539 |     ('\u{fe5b}', '\u{fe5c}', None), ('\u{fe5d}', '\u{fe5e}', None), ('\u{ff08}', '\u{ff09}', None),
       |                                                              ^^^^ not found in this scope
   
   error[E0425]: cannot find value `None` in this scope
      --> /home/brian/.cargo/registry/src/github.com-1ecc6299db9ec823/unicode-bidi-0.3.13/src/char_data/tables.rs:539:94
       |
   539 |     ('\u{fe5b}', '\u{fe5c}', None), ('\u{fe5d}', '\u{fe5e}', None), ('\u{ff08}', '\u{ff09}', None),
       |                                                                                              ^^^^ not found in this scope
   
   error[E0425]: cannot find value `None` in this scope
      --> /home/brian/.cargo/registry/src/github.com-1ecc6299db9ec823/unicode-bidi-0.3.13/src/char_data/tables.rs:540:30
       |
   540 |     ('\u{ff3b}', '\u{ff3d}', None), ('\u{ff5b}', '\u{ff5d}', None), ('\u{ff5f}', '\u{ff60}', None),
       |                              ^^^^ not found in this scope
   
   error[E0425]: cannot find value `None` in this scope
      --> /home/brian/.cargo/registry/src/github.com-1ecc6299db9ec823/unicode-bidi-0.3.13/src/char_data/tables.rs:540:62
       |
   540 |     ('\u{ff3b}', '\u{ff3d}', None), ('\u{ff5b}', '\u{ff5d}', None), ('\u{ff5f}', '\u{ff60}', None),
       |                                                              ^^^^ not found in this scope
   
   error[E0425]: cannot find value `None` in this scope
      --> /home/brian/.cargo/registry/src/github.com-1ecc6299db9ec823/unicode-bidi-0.3.13/src/char_data/tables.rs:540:94
       |
540 |     ('\u{ff3b}', '\u{ff3d}', None), (     540 |     ('\u{ff3b}', '\u{ff3d}', None), ('\u{ff5b}', '\u{ff5d}', None), ('\u{ff5f}', '\u{ff60}', None),
       |                                                                                              ^^^^ not found in this scope
   
   error[E0425]: cannot find value `None` in this scope
      --> /home/brian/.cargo/registry/src/github.com-1ecc6299db9ec823/unicode-bidi-0.3.13/src/char_data/tables.rs:541:30
       |
   541 |     ('\u{ff62}', '\u{ff63}', None)
       |                              ^^^^ not found in this scope
   
   error[E0412]: cannot find type `Option` in this scope
     --> /home/brian/.cargo/registry/src/github.com-1ecc6299db9ec823/unicode-bidi-0.3.13/src/char_data/mod.rs:48:56
      |
   48 | pub(crate) fn bidi_matched_opening_bracket(c: char) -> Option<BidiMatchedOpeningBracket> {
      |                                                        ^^^^^^ not found in this scope
   
   error[E0425]: cannot find value `None` in this scope
     --> /home/brian/.cargo/registry/src/github.com-1ecc6299db9ec823/unicode-bidi-0.3.13/src/char_data/mod.rs:58:5
      |
   58 |     None
      |     ^^^^ not found in this scope
   
   error[E0531]: cannot find tuple struct or tuple variant `Ok` in this scope
     --> /home/brian/.cargo/registry/src/github.com-1ecc6299db9ec823/unicode-bidi-0.3.13/src/char_data/mod.rs:79:9
      |
   79 |         Ok(idx) => {
      |         ^^ not found in this scope
   
   error[E0531]: cannot find tuple struct or tuple variant `Err` in this scope
     --> /home/brian/.cargo/registry/src/github.com-1ecc6299db9ec823/unicode-bidi-0.3.13/src/char_data/mod.rs:85:9
      |
   85 |         Err(_) => L,
      |         ^^^ not found in this scope
   
   error[E0531]: cannot find tuple struct or tuple variant `Some` in this scope
      --> /home/brian/.cargo/registry/src/github.com-1ecc6299db9ec823/unicode-bidi-0.3.13/src/explicit.rs:116:31
       |
   116 | ...                   | Some(Status {
       |                         ^^^^ not found in this scope
   
   error[E0531]: cannot find tuple struct or tuple variant `Some` in this scope
    --> /home/brian/.cargo/registry/src/github.co        --> /home/brian/.cargo/registry/src/github.com-1ecc6299db9ec823/unicode-bidi-0.3.13/src/implicit.rs:123:28
       |
   123 |                     if let Some(ch) = text.get(i..).and_then(|s| s.chars().next()) {
       |                            ^^^^ not found in this scope
   
   error[E0425]: cannot find value `None` in this scope
      --> /home/brian/.cargo/registry/src/github.com-1ecc6299db9ec823/unicode-bidi-0.3.13/src/implicit.rs:289:32
       |
   289 |         let mut class_to_set = None;
       |                                ^^^^ not found in this scope
   
   error[E0531]: cannot find tuple struct or tuple variant `Some` in this scope
      --> /home/brian/.cargo/registry/src/github.com-1ecc6299db9ec823/unicode-bidi-0.3.13/src/implicit.rs:362:16
       |
   362 |         if let Some(class_to_set) = class_to_set {
       |                ^^^^ not found in this scope
   
   error[E0531]: cannot find tuple struct or tuple variant `Some` in this scope
      --> /home/brian/.cargo/registry/src/github.com-1ecc6299db9ec823/unicode-bidi-0.3.13/src/implicit.rs:412:15
       |
   412 |     while let Some(mut i) = indices.next() {
       |               ^^^^ not found in this scope
   
   error[E0531]: cannot find tuple struct or tuple variant `Some` in this scope
      --> /home/brian/.cargo/registry/src/github.com-1ecc6299db9ec823/unicode-bidi-0.3.13/src/implicit.rs:422:21
       |
   422 |                     Some(j) => {
       |                     ^^^^ not found in this scope
   
   error[E0531]: cannot find tuple struct or tuple variant `Some` in this scope
      --> /home/brian/.cargo/registry/src/github.com-1ecc6299db9ec823/unicode-bidi-0.3.13/src/implicit.rs:490:28
       |
   490 |         let slice = if let Some(slice) = text.get(level_run.clone()) {
       |                            ^^^^ not found in this scope
   
   error[E0531]: cannot find tuple struct or tuple variant `Some` in this scope
      --> /home/brian/.cargo/registry/src/github.com-1ecc6299db9ec823/unicode-bidi-0.3.13/src/implicit.rs:514:20
       |
   514 |             if let Some(matched) = data_source.bidi_matched_opening_bracket(ch) {
            |                    ^^^^ not found in this scope
   
   error[E0531]: cannot find tuple struct or tuple variant `Some` in this scope
      --> /home/brian/.cargo/registry/src/github.com-1ecc6299db9ec823/unicode-bidi-0.3.13/src/prepare.rs:133:17
       |
   133 |                 Some(idx) => levels[idx],
       |                 ^^^^ not found in this scope
   
   error[E0531]: cannot find tuple struct or tuple variant `Some` in this scope
      --> /home/brian/.cargo/registry/src/github.com-1ecc6299db9ec823/unicode-bidi-0.3.13/src/prepare.rs:156:21
       |
   156 |                     Some(idx) => levels[end_of_seq + idx],
       |                     ^^^^ not found in this scope
   
   error[E0531]: cannot find tuple struct or tuple variant `Some` in this scope
      --> /home/brian/.cargo/registry/src/github.com-1ecc6299db9ec823/unicode-bidi-0.3.13/src/prepare.rs:171:17
       |
   171 |         if let (Some(start), Some(end)) = (self.runs.first(), self.runs.last()) {
       |                 ^^^^ not found in this scope
   
   error[E0531]: cannot find tuple struct or tuple variant `Some` in this scope
      --> /home/brian/.cargo/registry/src/github.com-1ecc6299db9ec823/unicode-bidi-0.3.13/src/prepare.rs:171:30
       |
   171 |         if let (Some(start), Some(end)) = (self.runs.first(), self.runs.last()) {
       |                              ^^^^ not found in this scope
   
   error[E0405]: cannot find trait `Iterator` in this scope
      --> /home/brian/.cargo/registry/src/github.com-1ecc6299db9ec823/unicode-bidi-0.3.13/src/prepare.rs:185:15
       |
   185 |     ) -> impl Iterator<Item = usize> + '_ {
       |               ^^^^^^^^ not found in this scope
   
   error[E0405]: cannot find trait `Iterator` in this scope
      --> /home/brian/.cargo/registry/src/github.com-1ecc6299db9ec823/unicode-bidi-0.3.13/src/prepare.rs:203:15
       |
   203 |     ) -> impl Iterator<Item = usize> + '_ {
       |               ^^^^^^^^ not found in this scope
   
   error[E0412]: cannot find type `Option` in this scope
    --> /home/brian/.cargo/registry/src/github.com-1ecc6299d        --> /home/brian/.cargo/registry/src/github.com-1ecc6299db9ec823/unicode-bidi-0.3.13/src/lib.rs:159:48
       |
   159 |     pub fn new(text: &str, default_para_level: Option<Level>) -> InitialInfo<'_> {
       |                                                ^^^^^^ not found in this scope
   
   error[E0412]: cannot find type `Option` in this scope
      --> /home/brian/.cargo/registry/src/github.com-1ecc6299db9ec823/unicode-bidi-0.3.13/src/lib.rs:176:29
       |
   176 |         default_para_level: Option<Level>,
       |                             ^^^^^^ not found in this scope
   
   error[E0531]: cannot find tuple struct or tuple variant `Some` in this scope
      --> /home/brian/.cargo/registry/src/github.com-1ecc6299db9ec823/unicode-bidi-0.3.13/src/lib.rs:222:25
       |
   222 |                         Some(&start) => {
       |                         ^^^^ not found in this scope
   
   error[E0412]: cannot find type `Option` in this scope
      --> /home/brian/.cargo/registry/src/github.com-1ecc6299db9ec823/unicode-bidi-0.3.13/src/lib.rs:310:48
       |
   310 |     pub fn new(text: &str, default_para_level: Option<Level>) -> BidiInfo<'_> {
       |                                                ^^^^^^ not found in this scope
   
   error[E0412]: cannot find type `Option` in this scope
      --> /home/brian/.cargo/registry/src/github.com-1ecc6299db9ec823/unicode-bidi-0.3.13/src/lib.rs:326:29
       |
   326 |         default_para_level: Option<Level>,
       |                             ^^^^^^ not found in this scope
   
   error[E0531]: cannot find tuple struct or tuple variant `Some` in this scope
      --> /home/brian/.cargo/registry/src/github.com-1ecc6299db9ec823/unicode-bidi-0.3.13/src/lib.rs:462:23
       |
   462 |             while let Some(l) = levels.get(start_index) {
       |                       ^^^^ not found in this scope
   
   error[E0531]: cannot find tuple struct or tuple variant `Some` in this scope
      --> /home/brian/.cargo/registry/src/github.com-1ecc6299db9ec823/unicode-bidi-0.3.13/src/lib.rs:476:23
       |
   476 |             while let Some(l) = levels.get(end_index) {
     |                          |                       ^^^^ not found in this scope
   
   error[E0412]: cannot find type `Option` in this scope
      --> /home/brian/.cargo/registry/src/github.com-1ecc6299db9ec823/unicode-bidi-0.3.13/src/lib.rs:556:29
       |
   556 |         let mut reset_from: Option<usize> = Some(0);
       |                             ^^^^^^ not found in this scope
   
   error[E0412]: cannot find type `Option` in this scope
      --> /home/brian/.cargo/registry/src/github.com-1ecc6299db9ec823/unicode-bidi-0.3.13/src/lib.rs:557:27
       |
   557 |         let mut reset_to: Option<usize> = None;
       |                           ^^^^^^ not found in this scope
   
   error[E0425]: cannot find value `None` in this scope
      --> /home/brian/.cargo/registry/src/github.com-1ecc6299db9ec823/unicode-bidi-0.3.13/src/lib.rs:557:43
       |
   557 |         let mut reset_to: Option<usize> = None;
       |                                           ^^^^ not found in this scope
   
   error[E0425]: cannot find value `None` in this scope
      --> /home/brian/.cargo/registry/src/github.com-1ecc6299db9ec823/unicode-bidi-0.3.13/src/lib.rs:565:38
       |
   565 |                     if reset_from == None {
       |                                      ^^^^ not found in this scope
   
   error[E0425]: cannot find value `None` in this scope
      --> /home/brian/.cargo/registry/src/github.com-1ecc6299db9ec823/unicode-bidi-0.3.13/src/lib.rs:571:38
       |
   571 |                     if reset_from == None {
       |                                      ^^^^ not found in this scope
   
   error[E0425]: cannot find value `None` in this scope
      --> /home/brian/.cargo/registry/src/github.com-1ecc6299db9ec823/unicode-bidi-0.3.13/src/lib.rs:578:38
       |
   578 |                     if reset_from == None {
       |                                      ^^^^ not found in this scope
   
   error[E0425]: cannot find value `None` in this scope
      --> /home/brian/.cargo/registry/src/github.com-1ecc6299db9ec823/unicode-bidi-0.3.13/src/lib.rs:585:34
       |
   585 |                     reset_from = None;
     |                             |                                  ^^^^ not found in this scope
   
   error[E0531]: cannot find tuple struct or tuple variant `Some` in this scope
      --> /home/brian/.cargo/registry/src/github.com-1ecc6299db9ec823/unicode-bidi-0.3.13/src/lib.rs:588:21
       |
   588 |             if let (Some(from), Some(to)) = (reset_from, reset_to) {
       |                     ^^^^ not found in this scope
   
   error[E0531]: cannot find tuple struct or tuple variant `Some` in this scope
      --> /home/brian/.cargo/registry/src/github.com-1ecc6299db9ec823/unicode-bidi-0.3.13/src/lib.rs:588:33
       |
   588 |             if let (Some(from), Some(to)) = (reset_from, reset_to) {
       |                                 ^^^^ not found in this scope
   
   error[E0425]: cannot find value `None` in this scope
      --> /home/brian/.cargo/registry/src/github.com-1ecc6299db9ec823/unicode-bidi-0.3.13/src/lib.rs:592:30
       |
   592 |                 reset_from = None;
       |                              ^^^^ not found in this scope
   
   error[E0425]: cannot find value `None` in this scope
      --> /home/brian/.cargo/registry/src/github.com-1ecc6299db9ec823/unicode-bidi-0.3.13/src/lib.rs:593:28
       |
   593 |                 reset_to = None;
       |                            ^^^^ not found in this scope
   
   error[E0531]: cannot find tuple struct or tuple variant `Some` in this scope
      --> /home/brian/.cargo/registry/src/github.com-1ecc6299db9ec823/unicode-bidi-0.3.13/src/lib.rs:597:16
       |
   597 |         if let Some(from) = reset_from {
       |                ^^^^ not found in this scope
   
   error[E0425]: cannot find function, tuple struct or tuple variant `Ok` in this scope
     --> /home/brian/.cargo/registry/src/github.com-1ecc6299db9ec823/unicode-bidi-0.3.13/src/level.rs:83:13
      |
   83 |             Ok(Level(number))
      |             ^^ not found in this scope
   
   error[E0425]: cannot find function, tuple struct or tuple variant `Err` in this scope
     --> /home/brian/.cargo/registry/src/github.com-1ecc6299db9ec823/unicode-bidi-0.3.13/src/level.rs:85:13
      |
85 |              85 |             Err(Error::OutOfRangeNumber)
      |             ^^^ not found in this scope
   
   error[E0425]: cannot find function, tuple struct or tuple variant `Ok` in this scope
     --> /home/brian/.cargo/registry/src/github.com-1ecc6299db9ec823/unicode-bidi-0.3.13/src/level.rs:93:13
      |
   93 |             Ok(Level(number))
      |             ^^ not found in this scope
   
   error[E0425]: cannot find function, tuple struct or tuple variant `Err` in this scope
     --> /home/brian/.cargo/registry/src/github.com-1ecc6299db9ec823/unicode-bidi-0.3.13/src/level.rs:95:13
      |
   95 |             Err(Error::OutOfRangeNumber)
      |             ^^^ not found in this scope
   
   error[E0425]: cannot find function, tuple struct or tuple variant `Ok` in this scope
      --> /home/brian/.cargo/registry/src/github.com-1ecc6299db9ec823/unicode-bidi-0.3.13/src/level.rs:128:21
       |
   128 |                     Ok(())
       |                     ^^ not found in this scope
   
   error[E0425]: cannot find function, tuple struct or tuple variant `Err` in this scope
      --> /home/brian/.cargo/registry/src/github.com-1ecc6299db9ec823/unicode-bidi-0.3.13/src/level.rs:130:21
       |
   130 |                     Err(Error::OutOfRangeNumber)
       |                     ^^^ not found in this scope
   
   error[E0425]: cannot find function, tuple struct or tuple variant `Err` in this scope
      --> /home/brian/.cargo/registry/src/github.com-1ecc6299db9ec823/unicode-bidi-0.3.13/src/level.rs:133:21
       |
   133 |             None => Err(Error::OutOfRangeNumber),
       |                     ^^^ not found in this scope
   
   error[E0425]: cannot find function, tuple struct or tuple variant `Ok` in this scope
      --> /home/brian/.cargo/registry/src/github.com-1ecc6299db9ec823/unicode-bidi-0.3.13/src/level.rs:144:21
       |
   144 |                     Ok(())
       |                     ^^ not found in this scope
   
   error[E0425]: cannot find function, tuple struct or tuple variant `Err` in this scope
    --> /home/brian/.cargo/registry/src/github.com-1ecc6299db9ec823/unicode-bidi-0.3        --> /home/brian/.cargo/registry/src/github.com-1ecc6299db9ec823/unicode-bidi-0.3.13/src/level.rs:146:21
       |
   146 |                     Err(Error::OutOfRangeNumber)
       |                     ^^^ not found in this scope
   
   error[E0425]: cannot find function, tuple struct or tuple variant `Err` in this scope
      --> /home/brian/.cargo/registry/src/github.com-1ecc6299db9ec823/unicode-bidi-0.3.13/src/level.rs:149:21
       |
   149 |             None => Err(Error::OutOfRangeNumber),
       |                     ^^^ not found in this scope
   
   error[E0425]: cannot find function, tuple struct or tuple variant `Ok` in this scope
      --> /home/brian/.cargo/registry/src/github.com-1ecc6299db9ec823/unicode-bidi-0.3.13/src/level.rs:159:17
       |
   159 |                 Ok(())
       |                 ^^ not found in this scope
   
   error[E0425]: cannot find function, tuple struct or tuple variant `Err` in this scope
      --> /home/brian/.cargo/registry/src/github.com-1ecc6299db9ec823/unicode-bidi-0.3.13/src/level.rs:161:21
       |
   161 |             None => Err(Error::OutOfRangeNumber),
       |                     ^^^ not found in this scope
   
   error[E0425]: cannot find function, tuple struct or tuple variant `Some` in this scope
      --> /home/brian/.cargo/registry/src/github.com-1ecc6299db9ec823/unicode-bidi-0.3.13/src/char_data/tables.rs:523:81
       |
   523 |     '\u{2309}', None), ('\u{230a}', '\u{230b}', None), ('\u{2329}', '\u{232a}', Some('\u{3008}')),
       |                                                                                 ^^^^ not found in this scope
   
   error[E0425]: cannot find function, tuple struct or tuple variant `Some` in this scope
     --> /home/brian/.cargo/registry/src/github.com-1ecc6299db9ec823/unicode-bidi-0.3.13/src/char_data/mod.rs:52:20
      |
   52 |             return Some(BidiMatchedOpeningBracket {
      |                    ^^^^ not found in this scope
   
   error[E0425]: cannot find function, tuple struct or tuple variant `Some` in this scope
      --> /home/brian/.cargo/registry/src/github.com-1ecc6299db9ec823/unicode-bidi-0.3.13/src/implicit.rs:328:28
       |
328 |            328 |             class_to_set = Some(e);
       |                            ^^^^ not found in this scope
   
   error[E0425]: cannot find function, tuple struct or tuple variant `Some` in this scope
      --> /home/brian/.cargo/registry/src/github.com-1ecc6299db9ec823/unicode-bidi-0.3.13/src/implicit.rs:359:28
       |
   359 |             class_to_set = Some(previous_strong);
       |                            ^^^^ not found in this scope
   
   error[E0425]: cannot find function, tuple struct or tuple variant `Some` in this scope
      --> /home/brian/.cargo/registry/src/github.com-1ecc6299db9ec823/unicode-bidi-0.3.13/src/lib.rs:238:46
       |
   238 | ...                   para_level = Some(if class != L { RTL_LEVEL } else { LTR_LEVEL });
       |                                    ^^^^ not found in this scope
   
   error[E0425]: cannot find function, tuple struct or tuple variant `Some` in this scope
      --> /home/brian/.cargo/registry/src/github.com-1ecc6299db9ec823/unicode-bidi-0.3.13/src/lib.rs:556:45
       |
   556 |         let mut reset_from: Option<usize> = Some(0);
       |                                             ^^^^ not found in this scope
   
   error[E0425]: cannot find function, tuple struct or tuple variant `Some` in this scope
      --> /home/brian/.cargo/registry/src/github.com-1ecc6299db9ec823/unicode-bidi-0.3.13/src/lib.rs:564:32
       |
   564 |                     reset_to = Some(i + c.len_utf8());
       |                                ^^^^ not found in this scope
   
   error[E0425]: cannot find function, tuple struct or tuple variant `Some` in this scope
      --> /home/brian/.cargo/registry/src/github.com-1ecc6299db9ec823/unicode-bidi-0.3.13/src/lib.rs:566:38
       |
   566 |                         reset_from = Some(i);
       |                                      ^^^^ not found in this scope
   
   error[E0425]: cannot find function, tuple struct or tuple variant `Some` in this scope
      --> /home/brian/.cargo/registry/src/github.com-1ecc6299db9ec823/unicode-bidi-0.3.13/src/lib.rs:572:38
       |
572 |                         reset_f     572 |                         reset_from = Some(i);
       |                                      ^^^^ not found in this scope
   
   error[E0425]: cannot find function, tuple struct or tuple variant `Some` in this scope
      --> /home/brian/.cargo/registry/src/github.com-1ecc6299db9ec823/unicode-bidi-0.3.13/src/lib.rs:579:38
       |
   579 |                         reset_from = Some(i);
       |                                      ^^^^ not found in this scope
   
   Some errors have detailed explanations: E0405, E0408, E0412, E0425, E0433, E0463, E0531.
   For more information about an error, try `rustc --explain E0405`.
     error: could not compile `unicode-bidi` due to 188 previous errors

